
*** Running vivado
    with args -log design_1_dvi2rgb_0_0.vds -m64 -product Vivado -mode batch -messageDb vivado.pb -notrace -source design_1_dvi2rgb_0_0.tcl


****** Vivado v2025.1 (64-bit)
  **** SW Build 6140274 on Wed May 21 22:58:25 MDT 2025
  **** IP Build 6138677 on Thu May 22 03:10:11 MDT 2025
  **** SharedData Build 6139179 on Tue May 20 17:58:58 MDT 2025
  **** Start of session at: Thu Sep 25 19:42:55 2025
    ** Copyright 1986-2022 Xilinx, Inc. All Rights Reserved.
    ** Copyright 2022-2025 Advanced Micro Devices, Inc. All Rights Reserved.

source design_1_dvi2rgb_0_0.tcl -notrace
INFO: [IP_Flow 19-234] Refreshing IP repositories
INFO: [IP_Flow 19-1700] Loaded user IP repository '/home/yhawaz/ip_repo/fir_interface_1_0'.
INFO: [IP_Flow 19-1700] Loaded user IP repository '/home/yhawaz/lab3_files/vivado-library'.
INFO: [IP_Flow 19-2313] Loaded Vivado IP repository '/tools/Xilinx/2025.1/Vivado/data/ip'.
Command: synth_design -top design_1_dvi2rgb_0_0 -part xc7z020clg400-1 -incremental_mode off -mode out_of_context
Starting synth_design
Attempting to get a license for feature 'Synthesis' and/or device 'xc7z020'
INFO: [Common 17-349] Got license for feature 'Synthesis' and/or device 'xc7z020'
INFO: [Device 21-403] Loading part xc7z020clg400-1
INFO: [Synth 8-7079] Multithreading enabled for synth_design using a maximum of 7 processes.
INFO: [Synth 8-7078] Launching helper process for spawning children vivado processes
INFO: [Synth 8-7075] Helper process launched with PID 1430420
---------------------------------------------------------------------------------
Starting RTL Elaboration : Time (s): cpu = 00:00:06 ; elapsed = 00:00:08 . Memory (MB): peak = 2204.254 ; gain = 438.828 ; free physical = 1973 ; free virtual = 16116
---------------------------------------------------------------------------------
INFO: [Synth 8-11241] undeclared symbol 'tms_int', assumed default net type 'wire' [/home/yhawaz/lab3/lab3.gen/sources_1/bd/design_1/ip/design_1_dvi2rgb_0_0/src/ila_refclk/hdl/verilog/xsdbm_v3_0_4_bs_core_ext.vh:30]
INFO: [Synth 8-11241] undeclared symbol 'runtest_int', assumed default net type 'wire' [/home/yhawaz/lab3/lab3.gen/sources_1/bd/design_1/ip/design_1_dvi2rgb_0_0/src/ila_refclk/hdl/verilog/xsdbm_v3_0_4_bs_core_ext.vh:32]
INFO: [Synth 8-11241] undeclared symbol 'tms_int', assumed default net type 'wire' [/home/yhawaz/lab3/lab3.gen/sources_1/bd/design_1/ip/design_1_dvi2rgb_0_0/src/ila_refclk/hdl/verilog/xsdbm_v3_0_4_bs_core_ext.vh:69]
INFO: [Synth 8-11241] undeclared symbol 'runtest_int', assumed default net type 'wire' [/home/yhawaz/lab3/lab3.gen/sources_1/bd/design_1/ip/design_1_dvi2rgb_0_0/src/ila_refclk/hdl/verilog/xsdbm_v3_0_4_bs_core_ext.vh:71]
INFO: [Synth 8-11241] undeclared symbol 'tms_int', assumed default net type 'wire' [/home/yhawaz/lab3/lab3.gen/sources_1/bd/design_1/ip/design_1_dvi2rgb_0_0/src/ila_refclk/hdl/verilog/xsdbm_v3_0_4_bs_core_ext.vh:109]
INFO: [Synth 8-11241] undeclared symbol 'runtest_int', assumed default net type 'wire' [/home/yhawaz/lab3/lab3.gen/sources_1/bd/design_1/ip/design_1_dvi2rgb_0_0/src/ila_refclk/hdl/verilog/xsdbm_v3_0_4_bs_core_ext.vh:111]
INFO: [Synth 8-11241] undeclared symbol 'tms_int', assumed default net type 'wire' [/home/yhawaz/lab3/lab3.gen/sources_1/bd/design_1/ip/design_1_dvi2rgb_0_0/src/ila_refclk/hdl/verilog/xsdbm_v3_0_4_bs_core_ext.vh:150]
INFO: [Synth 8-11241] undeclared symbol 'runtest_int', assumed default net type 'wire' [/home/yhawaz/lab3/lab3.gen/sources_1/bd/design_1/ip/design_1_dvi2rgb_0_0/src/ila_refclk/hdl/verilog/xsdbm_v3_0_4_bs_core_ext.vh:152]
INFO: [Synth 8-11241] undeclared symbol 'tms_int', assumed default net type 'wire' [/home/yhawaz/lab3/lab3.gen/sources_1/bd/design_1/ip/design_1_dvi2rgb_0_0/src/ila_refclk/hdl/verilog/xsdbm_v3_0_4_bs_core_ext.vh:192]
INFO: [Synth 8-11241] undeclared symbol 'runtest_int', assumed default net type 'wire' [/home/yhawaz/lab3/lab3.gen/sources_1/bd/design_1/ip/design_1_dvi2rgb_0_0/src/ila_refclk/hdl/verilog/xsdbm_v3_0_4_bs_core_ext.vh:194]
INFO: [Synth 8-11241] undeclared symbol 'tms_int', assumed default net type 'wire' [/home/yhawaz/lab3/lab3.gen/sources_1/bd/design_1/ip/design_1_dvi2rgb_0_0/src/ila_refclk/hdl/verilog/xsdbm_v3_0_4_bs_core_ext.vh:235]
INFO: [Synth 8-11241] undeclared symbol 'runtest_int', assumed default net type 'wire' [/home/yhawaz/lab3/lab3.gen/sources_1/bd/design_1/ip/design_1_dvi2rgb_0_0/src/ila_refclk/hdl/verilog/xsdbm_v3_0_4_bs_core_ext.vh:237]
INFO: [Synth 8-11241] undeclared symbol 'tms_int', assumed default net type 'wire' [/home/yhawaz/lab3/lab3.gen/sources_1/bd/design_1/ip/design_1_dvi2rgb_0_0/src/ila_refclk/hdl/verilog/xsdbm_v3_0_4_bs_core_ext.vh:279]
INFO: [Synth 8-11241] undeclared symbol 'runtest_int', assumed default net type 'wire' [/home/yhawaz/lab3/lab3.gen/sources_1/bd/design_1/ip/design_1_dvi2rgb_0_0/src/ila_refclk/hdl/verilog/xsdbm_v3_0_4_bs_core_ext.vh:281]
INFO: [Synth 8-11241] undeclared symbol 'tms_int', assumed default net type 'wire' [/home/yhawaz/lab3/lab3.gen/sources_1/bd/design_1/ip/design_1_dvi2rgb_0_0/src/ila_refclk/hdl/verilog/xsdbm_v3_0_4_bs_core_ext.vh:324]
INFO: [Synth 8-11241] undeclared symbol 'runtest_int', assumed default net type 'wire' [/home/yhawaz/lab3/lab3.gen/sources_1/bd/design_1/ip/design_1_dvi2rgb_0_0/src/ila_refclk/hdl/verilog/xsdbm_v3_0_4_bs_core_ext.vh:326]
INFO: [Synth 8-11241] undeclared symbol 'tms_int', assumed default net type 'wire' [/home/yhawaz/lab3/lab3.gen/sources_1/bd/design_1/ip/design_1_dvi2rgb_0_0/src/ila_refclk/hdl/verilog/xsdbm_v3_0_4_bs_core_ext.vh:370]
INFO: [Synth 8-11241] undeclared symbol 'runtest_int', assumed default net type 'wire' [/home/yhawaz/lab3/lab3.gen/sources_1/bd/design_1/ip/design_1_dvi2rgb_0_0/src/ila_refclk/hdl/verilog/xsdbm_v3_0_4_bs_core_ext.vh:372]
INFO: [Synth 8-11241] undeclared symbol 'tms_int', assumed default net type 'wire' [/home/yhawaz/lab3/lab3.gen/sources_1/bd/design_1/ip/design_1_dvi2rgb_0_0/src/ila_refclk/hdl/verilog/xsdbm_v3_0_4_bs_core_ext.vh:417]
INFO: [Synth 8-11241] undeclared symbol 'runtest_int', assumed default net type 'wire' [/home/yhawaz/lab3/lab3.gen/sources_1/bd/design_1/ip/design_1_dvi2rgb_0_0/src/ila_refclk/hdl/verilog/xsdbm_v3_0_4_bs_core_ext.vh:419]
INFO: [Synth 8-11241] undeclared symbol 'tms_int', assumed default net type 'wire' [/home/yhawaz/lab3/lab3.gen/sources_1/bd/design_1/ip/design_1_dvi2rgb_0_0/src/ila_refclk/hdl/verilog/xsdbm_v3_0_4_bs_core_ext.vh:465]
INFO: [Synth 8-11241] undeclared symbol 'runtest_int', assumed default net type 'wire' [/home/yhawaz/lab3/lab3.gen/sources_1/bd/design_1/ip/design_1_dvi2rgb_0_0/src/ila_refclk/hdl/verilog/xsdbm_v3_0_4_bs_core_ext.vh:467]
INFO: [Synth 8-11241] undeclared symbol 'tms_int', assumed default net type 'wire' [/home/yhawaz/lab3/lab3.gen/sources_1/bd/design_1/ip/design_1_dvi2rgb_0_0/src/ila_refclk/hdl/verilog/xsdbm_v3_0_4_bs_core_ext.vh:514]
INFO: [Synth 8-11241] undeclared symbol 'runtest_int', assumed default net type 'wire' [/home/yhawaz/lab3/lab3.gen/sources_1/bd/design_1/ip/design_1_dvi2rgb_0_0/src/ila_refclk/hdl/verilog/xsdbm_v3_0_4_bs_core_ext.vh:516]
INFO: [Synth 8-11241] undeclared symbol 'tms_int', assumed default net type 'wire' [/home/yhawaz/lab3/lab3.gen/sources_1/bd/design_1/ip/design_1_dvi2rgb_0_0/src/ila_refclk/hdl/verilog/xsdbm_v3_0_4_bs_core_ext.vh:564]
INFO: [Synth 8-11241] undeclared symbol 'runtest_int', assumed default net type 'wire' [/home/yhawaz/lab3/lab3.gen/sources_1/bd/design_1/ip/design_1_dvi2rgb_0_0/src/ila_refclk/hdl/verilog/xsdbm_v3_0_4_bs_core_ext.vh:566]
INFO: [Synth 8-11241] undeclared symbol 'tms_int', assumed default net type 'wire' [/home/yhawaz/lab3/lab3.gen/sources_1/bd/design_1/ip/design_1_dvi2rgb_0_0/src/ila_refclk/hdl/verilog/xsdbm_v3_0_4_bs_core_ext.vh:615]
INFO: [Synth 8-11241] undeclared symbol 'runtest_int', assumed default net type 'wire' [/home/yhawaz/lab3/lab3.gen/sources_1/bd/design_1/ip/design_1_dvi2rgb_0_0/src/ila_refclk/hdl/verilog/xsdbm_v3_0_4_bs_core_ext.vh:617]
INFO: [Synth 8-11241] undeclared symbol 'tms_int', assumed default net type 'wire' [/home/yhawaz/lab3/lab3.gen/sources_1/bd/design_1/ip/design_1_dvi2rgb_0_0/src/ila_refclk/hdl/verilog/xsdbm_v3_0_4_bs_core.vh:30]
INFO: [Synth 8-11241] undeclared symbol 'runtest_int', assumed default net type 'wire' [/home/yhawaz/lab3/lab3.gen/sources_1/bd/design_1/ip/design_1_dvi2rgb_0_0/src/ila_refclk/hdl/verilog/xsdbm_v3_0_4_bs_core.vh:32]
INFO: [Synth 8-11241] undeclared symbol 'tms_int', assumed default net type 'wire' [/home/yhawaz/lab3/lab3.gen/sources_1/bd/design_1/ip/design_1_dvi2rgb_0_0/src/ila_refclk/hdl/verilog/xsdbm_v3_0_4_bs_core.vh:69]
INFO: [Synth 8-11241] undeclared symbol 'runtest_int', assumed default net type 'wire' [/home/yhawaz/lab3/lab3.gen/sources_1/bd/design_1/ip/design_1_dvi2rgb_0_0/src/ila_refclk/hdl/verilog/xsdbm_v3_0_4_bs_core.vh:71]
INFO: [Synth 8-11241] undeclared symbol 'tms_int', assumed default net type 'wire' [/home/yhawaz/lab3/lab3.gen/sources_1/bd/design_1/ip/design_1_dvi2rgb_0_0/src/ila_refclk/hdl/verilog/xsdbm_v3_0_4_bs_core.vh:109]
INFO: [Synth 8-11241] undeclared symbol 'runtest_int', assumed default net type 'wire' [/home/yhawaz/lab3/lab3.gen/sources_1/bd/design_1/ip/design_1_dvi2rgb_0_0/src/ila_refclk/hdl/verilog/xsdbm_v3_0_4_bs_core.vh:111]
INFO: [Synth 8-11241] undeclared symbol 'tms_int', assumed default net type 'wire' [/home/yhawaz/lab3/lab3.gen/sources_1/bd/design_1/ip/design_1_dvi2rgb_0_0/src/ila_refclk/hdl/verilog/xsdbm_v3_0_4_bs_core.vh:150]
INFO: [Synth 8-11241] undeclared symbol 'runtest_int', assumed default net type 'wire' [/home/yhawaz/lab3/lab3.gen/sources_1/bd/design_1/ip/design_1_dvi2rgb_0_0/src/ila_refclk/hdl/verilog/xsdbm_v3_0_4_bs_core.vh:152]
INFO: [Synth 8-11241] undeclared symbol 'tms_int', assumed default net type 'wire' [/home/yhawaz/lab3/lab3.gen/sources_1/bd/design_1/ip/design_1_dvi2rgb_0_0/src/ila_refclk/hdl/verilog/xsdbm_v3_0_4_bs_core.vh:192]
INFO: [Synth 8-11241] undeclared symbol 'runtest_int', assumed default net type 'wire' [/home/yhawaz/lab3/lab3.gen/sources_1/bd/design_1/ip/design_1_dvi2rgb_0_0/src/ila_refclk/hdl/verilog/xsdbm_v3_0_4_bs_core.vh:194]
INFO: [Synth 8-11241] undeclared symbol 'tms_int', assumed default net type 'wire' [/home/yhawaz/lab3/lab3.gen/sources_1/bd/design_1/ip/design_1_dvi2rgb_0_0/src/ila_refclk/hdl/verilog/xsdbm_v3_0_4_bs_core.vh:235]
INFO: [Synth 8-11241] undeclared symbol 'runtest_int', assumed default net type 'wire' [/home/yhawaz/lab3/lab3.gen/sources_1/bd/design_1/ip/design_1_dvi2rgb_0_0/src/ila_refclk/hdl/verilog/xsdbm_v3_0_4_bs_core.vh:237]
INFO: [Synth 8-11241] undeclared symbol 'tms_int', assumed default net type 'wire' [/home/yhawaz/lab3/lab3.gen/sources_1/bd/design_1/ip/design_1_dvi2rgb_0_0/src/ila_refclk/hdl/verilog/xsdbm_v3_0_4_bs_core.vh:279]
INFO: [Synth 8-11241] undeclared symbol 'runtest_int', assumed default net type 'wire' [/home/yhawaz/lab3/lab3.gen/sources_1/bd/design_1/ip/design_1_dvi2rgb_0_0/src/ila_refclk/hdl/verilog/xsdbm_v3_0_4_bs_core.vh:281]
INFO: [Synth 8-11241] undeclared symbol 'tms_int', assumed default net type 'wire' [/home/yhawaz/lab3/lab3.gen/sources_1/bd/design_1/ip/design_1_dvi2rgb_0_0/src/ila_refclk/hdl/verilog/xsdbm_v3_0_4_bs_core.vh:324]
INFO: [Synth 8-11241] undeclared symbol 'runtest_int', assumed default net type 'wire' [/home/yhawaz/lab3/lab3.gen/sources_1/bd/design_1/ip/design_1_dvi2rgb_0_0/src/ila_refclk/hdl/verilog/xsdbm_v3_0_4_bs_core.vh:326]
INFO: [Synth 8-11241] undeclared symbol 'tms_int', assumed default net type 'wire' [/home/yhawaz/lab3/lab3.gen/sources_1/bd/design_1/ip/design_1_dvi2rgb_0_0/src/ila_refclk/hdl/verilog/xsdbm_v3_0_4_bs_core.vh:370]
INFO: [Synth 8-11241] undeclared symbol 'runtest_int', assumed default net type 'wire' [/home/yhawaz/lab3/lab3.gen/sources_1/bd/design_1/ip/design_1_dvi2rgb_0_0/src/ila_refclk/hdl/verilog/xsdbm_v3_0_4_bs_core.vh:372]
INFO: [Synth 8-11241] undeclared symbol 'tms_int', assumed default net type 'wire' [/home/yhawaz/lab3/lab3.gen/sources_1/bd/design_1/ip/design_1_dvi2rgb_0_0/src/ila_refclk/hdl/verilog/xsdbm_v3_0_4_bs_core.vh:417]
INFO: [Synth 8-11241] undeclared symbol 'runtest_int', assumed default net type 'wire' [/home/yhawaz/lab3/lab3.gen/sources_1/bd/design_1/ip/design_1_dvi2rgb_0_0/src/ila_refclk/hdl/verilog/xsdbm_v3_0_4_bs_core.vh:419]
INFO: [Synth 8-11241] undeclared symbol 'tms_int', assumed default net type 'wire' [/home/yhawaz/lab3/lab3.gen/sources_1/bd/design_1/ip/design_1_dvi2rgb_0_0/src/ila_refclk/hdl/verilog/xsdbm_v3_0_4_bs_core.vh:465]
INFO: [Synth 8-11241] undeclared symbol 'runtest_int', assumed default net type 'wire' [/home/yhawaz/lab3/lab3.gen/sources_1/bd/design_1/ip/design_1_dvi2rgb_0_0/src/ila_refclk/hdl/verilog/xsdbm_v3_0_4_bs_core.vh:467]
INFO: [Synth 8-11241] undeclared symbol 'tms_int', assumed default net type 'wire' [/home/yhawaz/lab3/lab3.gen/sources_1/bd/design_1/ip/design_1_dvi2rgb_0_0/src/ila_refclk/hdl/verilog/xsdbm_v3_0_4_bs_core.vh:514]
INFO: [Synth 8-11241] undeclared symbol 'runtest_int', assumed default net type 'wire' [/home/yhawaz/lab3/lab3.gen/sources_1/bd/design_1/ip/design_1_dvi2rgb_0_0/src/ila_refclk/hdl/verilog/xsdbm_v3_0_4_bs_core.vh:516]
INFO: [Synth 8-11241] undeclared symbol 'tms_int', assumed default net type 'wire' [/home/yhawaz/lab3/lab3.gen/sources_1/bd/design_1/ip/design_1_dvi2rgb_0_0/src/ila_refclk/hdl/verilog/xsdbm_v3_0_4_bs_core.vh:564]
INFO: [Synth 8-11241] undeclared symbol 'runtest_int', assumed default net type 'wire' [/home/yhawaz/lab3/lab3.gen/sources_1/bd/design_1/ip/design_1_dvi2rgb_0_0/src/ila_refclk/hdl/verilog/xsdbm_v3_0_4_bs_core.vh:566]
INFO: [Synth 8-11241] undeclared symbol 'tms_int', assumed default net type 'wire' [/home/yhawaz/lab3/lab3.gen/sources_1/bd/design_1/ip/design_1_dvi2rgb_0_0/src/ila_refclk/hdl/verilog/xsdbm_v3_0_4_bs_core.vh:615]
INFO: [Synth 8-11241] undeclared symbol 'runtest_int', assumed default net type 'wire' [/home/yhawaz/lab3/lab3.gen/sources_1/bd/design_1/ip/design_1_dvi2rgb_0_0/src/ila_refclk/hdl/verilog/xsdbm_v3_0_4_bs_core.vh:617]
INFO: [Synth 8-11241] undeclared symbol 'tms_int', assumed default net type 'wire' [/home/yhawaz/lab3/lab3.gen/sources_1/bd/design_1/ip/design_1_dvi2rgb_0_0/src/ila_refclk/hdl/verilog/xsdbm_v3_0_4_bs_core_vec.vh:30]
INFO: [Synth 8-11241] undeclared symbol 'runtest_int', assumed default net type 'wire' [/home/yhawaz/lab3/lab3.gen/sources_1/bd/design_1/ip/design_1_dvi2rgb_0_0/src/ila_refclk/hdl/verilog/xsdbm_v3_0_4_bs_core_vec.vh:32]
INFO: [Synth 8-11241] undeclared symbol 'tms_int', assumed default net type 'wire' [/home/yhawaz/lab3/lab3.gen/sources_1/bd/design_1/ip/design_1_dvi2rgb_0_0/src/ila_refclk/hdl/verilog/xsdbm_v3_0_4_bs_core_vec.vh:65]
INFO: [Synth 8-11241] undeclared symbol 'runtest_int', assumed default net type 'wire' [/home/yhawaz/lab3/lab3.gen/sources_1/bd/design_1/ip/design_1_dvi2rgb_0_0/src/ila_refclk/hdl/verilog/xsdbm_v3_0_4_bs_core_vec.vh:67]
INFO: [Synth 8-11241] undeclared symbol 'tms_int', assumed default net type 'wire' [/home/yhawaz/lab3/lab3.gen/sources_1/bd/design_1/ip/design_1_dvi2rgb_0_0/src/ila_refclk/hdl/verilog/xsdbm_v3_0_4_bs_core_vec.vh:100]
INFO: [Synth 8-11241] undeclared symbol 'runtest_int', assumed default net type 'wire' [/home/yhawaz/lab3/lab3.gen/sources_1/bd/design_1/ip/design_1_dvi2rgb_0_0/src/ila_refclk/hdl/verilog/xsdbm_v3_0_4_bs_core_vec.vh:102]
INFO: [Synth 8-11241] undeclared symbol 'tms_int', assumed default net type 'wire' [/home/yhawaz/lab3/lab3.gen/sources_1/bd/design_1/ip/design_1_dvi2rgb_0_0/src/ila_refclk/hdl/verilog/xsdbm_v3_0_4_bs_core_vec.vh:135]
INFO: [Synth 8-11241] undeclared symbol 'runtest_int', assumed default net type 'wire' [/home/yhawaz/lab3/lab3.gen/sources_1/bd/design_1/ip/design_1_dvi2rgb_0_0/src/ila_refclk/hdl/verilog/xsdbm_v3_0_4_bs_core_vec.vh:137]
INFO: [Synth 8-11241] undeclared symbol 'tms_int', assumed default net type 'wire' [/home/yhawaz/lab3/lab3.gen/sources_1/bd/design_1/ip/design_1_dvi2rgb_0_0/src/ila_refclk/hdl/verilog/xsdbm_v3_0_4_bs_core_vec.vh:170]
INFO: [Synth 8-11241] undeclared symbol 'runtest_int', assumed default net type 'wire' [/home/yhawaz/lab3/lab3.gen/sources_1/bd/design_1/ip/design_1_dvi2rgb_0_0/src/ila_refclk/hdl/verilog/xsdbm_v3_0_4_bs_core_vec.vh:172]
INFO: [Synth 8-11241] undeclared symbol 'tms_int', assumed default net type 'wire' [/home/yhawaz/lab3/lab3.gen/sources_1/bd/design_1/ip/design_1_dvi2rgb_0_0/src/ila_refclk/hdl/verilog/xsdbm_v3_0_4_bs_core_vec.vh:205]
INFO: [Synth 8-11241] undeclared symbol 'runtest_int', assumed default net type 'wire' [/home/yhawaz/lab3/lab3.gen/sources_1/bd/design_1/ip/design_1_dvi2rgb_0_0/src/ila_refclk/hdl/verilog/xsdbm_v3_0_4_bs_core_vec.vh:207]
INFO: [Synth 8-11241] undeclared symbol 'tms_int', assumed default net type 'wire' [/home/yhawaz/lab3/lab3.gen/sources_1/bd/design_1/ip/design_1_dvi2rgb_0_0/src/ila_refclk/hdl/verilog/xsdbm_v3_0_4_bs_core_vec.vh:240]
INFO: [Synth 8-11241] undeclared symbol 'runtest_int', assumed default net type 'wire' [/home/yhawaz/lab3/lab3.gen/sources_1/bd/design_1/ip/design_1_dvi2rgb_0_0/src/ila_refclk/hdl/verilog/xsdbm_v3_0_4_bs_core_vec.vh:242]
INFO: [Synth 8-11241] undeclared symbol 'tms_int', assumed default net type 'wire' [/home/yhawaz/lab3/lab3.gen/sources_1/bd/design_1/ip/design_1_dvi2rgb_0_0/src/ila_refclk/hdl/verilog/xsdbm_v3_0_4_bs_core_vec.vh:275]
INFO: [Synth 8-11241] undeclared symbol 'runtest_int', assumed default net type 'wire' [/home/yhawaz/lab3/lab3.gen/sources_1/bd/design_1/ip/design_1_dvi2rgb_0_0/src/ila_refclk/hdl/verilog/xsdbm_v3_0_4_bs_core_vec.vh:277]
INFO: [Synth 8-11241] undeclared symbol 'tms_int', assumed default net type 'wire' [/home/yhawaz/lab3/lab3.gen/sources_1/bd/design_1/ip/design_1_dvi2rgb_0_0/src/ila_refclk/hdl/verilog/xsdbm_v3_0_4_bs_core_vec.vh:310]
INFO: [Synth 8-11241] undeclared symbol 'runtest_int', assumed default net type 'wire' [/home/yhawaz/lab3/lab3.gen/sources_1/bd/design_1/ip/design_1_dvi2rgb_0_0/src/ila_refclk/hdl/verilog/xsdbm_v3_0_4_bs_core_vec.vh:312]
INFO: [Synth 8-11241] undeclared symbol 'tms_int', assumed default net type 'wire' [/home/yhawaz/lab3/lab3.gen/sources_1/bd/design_1/ip/design_1_dvi2rgb_0_0/src/ila_refclk/hdl/verilog/xsdbm_v3_0_4_bs_core_vec.vh:345]
INFO: [Synth 8-11241] undeclared symbol 'runtest_int', assumed default net type 'wire' [/home/yhawaz/lab3/lab3.gen/sources_1/bd/design_1/ip/design_1_dvi2rgb_0_0/src/ila_refclk/hdl/verilog/xsdbm_v3_0_4_bs_core_vec.vh:347]
INFO: [Synth 8-11241] undeclared symbol 'tms_int', assumed default net type 'wire' [/home/yhawaz/lab3/lab3.gen/sources_1/bd/design_1/ip/design_1_dvi2rgb_0_0/src/ila_refclk/hdl/verilog/xsdbm_v3_0_4_bs_core_vec.vh:380]
INFO: [Synth 8-11241] undeclared symbol 'runtest_int', assumed default net type 'wire' [/home/yhawaz/lab3/lab3.gen/sources_1/bd/design_1/ip/design_1_dvi2rgb_0_0/src/ila_refclk/hdl/verilog/xsdbm_v3_0_4_bs_core_vec.vh:382]
INFO: [Synth 8-11241] undeclared symbol 'tms_int', assumed default net type 'wire' [/home/yhawaz/lab3/lab3.gen/sources_1/bd/design_1/ip/design_1_dvi2rgb_0_0/src/ila_refclk/hdl/verilog/xsdbm_v3_0_4_bs_core_vec.vh:415]
INFO: [Synth 8-11241] undeclared symbol 'runtest_int', assumed default net type 'wire' [/home/yhawaz/lab3/lab3.gen/sources_1/bd/design_1/ip/design_1_dvi2rgb_0_0/src/ila_refclk/hdl/verilog/xsdbm_v3_0_4_bs_core_vec.vh:417]
INFO: [Synth 8-11241] undeclared symbol 'tms_int', assumed default net type 'wire' [/home/yhawaz/lab3/lab3.gen/sources_1/bd/design_1/ip/design_1_dvi2rgb_0_0/src/ila_refclk/hdl/verilog/xsdbm_v3_0_4_bs_core_vec.vh:450]
INFO: [Synth 8-11241] undeclared symbol 'runtest_int', assumed default net type 'wire' [/home/yhawaz/lab3/lab3.gen/sources_1/bd/design_1/ip/design_1_dvi2rgb_0_0/src/ila_refclk/hdl/verilog/xsdbm_v3_0_4_bs_core_vec.vh:452]
INFO: [Synth 8-11241] undeclared symbol 'tms_int', assumed default net type 'wire' [/home/yhawaz/lab3/lab3.gen/sources_1/bd/design_1/ip/design_1_dvi2rgb_0_0/src/ila_refclk/hdl/verilog/xsdbm_v3_0_4_bs_core_vec.vh:485]
INFO: [Synth 8-11241] undeclared symbol 'runtest_int', assumed default net type 'wire' [/home/yhawaz/lab3/lab3.gen/sources_1/bd/design_1/ip/design_1_dvi2rgb_0_0/src/ila_refclk/hdl/verilog/xsdbm_v3_0_4_bs_core_vec.vh:487]
INFO: [Synth 8-11241] undeclared symbol 'tms_int', assumed default net type 'wire' [/home/yhawaz/lab3/lab3.gen/sources_1/bd/design_1/ip/design_1_dvi2rgb_0_0/src/ila_refclk/hdl/verilog/xsdbm_v3_0_4_bs_core_vec.vh:30]
INFO: [Synth 8-11241] undeclared symbol 'runtest_int', assumed default net type 'wire' [/home/yhawaz/lab3/lab3.gen/sources_1/bd/design_1/ip/design_1_dvi2rgb_0_0/src/ila_refclk/hdl/verilog/xsdbm_v3_0_4_bs_core_vec.vh:32]
INFO: [Synth 8-11241] undeclared symbol 'tms_int', assumed default net type 'wire' [/home/yhawaz/lab3/lab3.gen/sources_1/bd/design_1/ip/design_1_dvi2rgb_0_0/src/ila_refclk/hdl/verilog/xsdbm_v3_0_4_bs_core_vec.vh:65]
INFO: [Synth 8-11241] undeclared symbol 'runtest_int', assumed default net type 'wire' [/home/yhawaz/lab3/lab3.gen/sources_1/bd/design_1/ip/design_1_dvi2rgb_0_0/src/ila_refclk/hdl/verilog/xsdbm_v3_0_4_bs_core_vec.vh:67]
INFO: [Synth 8-11241] undeclared symbol 'tms_int', assumed default net type 'wire' [/home/yhawaz/lab3/lab3.gen/sources_1/bd/design_1/ip/design_1_dvi2rgb_0_0/src/ila_refclk/hdl/verilog/xsdbm_v3_0_4_bs_core_vec.vh:100]
INFO: [Synth 8-11241] undeclared symbol 'runtest_int', assumed default net type 'wire' [/home/yhawaz/lab3/lab3.gen/sources_1/bd/design_1/ip/design_1_dvi2rgb_0_0/src/ila_refclk/hdl/verilog/xsdbm_v3_0_4_bs_core_vec.vh:102]
INFO: [Synth 8-11241] undeclared symbol 'tms_int', assumed default net type 'wire' [/home/yhawaz/lab3/lab3.gen/sources_1/bd/design_1/ip/design_1_dvi2rgb_0_0/src/ila_refclk/hdl/verilog/xsdbm_v3_0_4_bs_core_vec.vh:135]
INFO: [Synth 8-11241] undeclared symbol 'runtest_int', assumed default net type 'wire' [/home/yhawaz/lab3/lab3.gen/sources_1/bd/design_1/ip/design_1_dvi2rgb_0_0/src/ila_refclk/hdl/verilog/xsdbm_v3_0_4_bs_core_vec.vh:137]
INFO: [Synth 8-11241] undeclared symbol 'tms_int', assumed default net type 'wire' [/home/yhawaz/lab3/lab3.gen/sources_1/bd/design_1/ip/design_1_dvi2rgb_0_0/src/ila_refclk/hdl/verilog/xsdbm_v3_0_4_bs_core_vec.vh:170]
INFO: [Synth 8-11241] undeclared symbol 'runtest_int', assumed default net type 'wire' [/home/yhawaz/lab3/lab3.gen/sources_1/bd/design_1/ip/design_1_dvi2rgb_0_0/src/ila_refclk/hdl/verilog/xsdbm_v3_0_4_bs_core_vec.vh:172]
INFO: [Synth 8-11241] undeclared symbol 'tms_int', assumed default net type 'wire' [/home/yhawaz/lab3/lab3.gen/sources_1/bd/design_1/ip/design_1_dvi2rgb_0_0/src/ila_refclk/hdl/verilog/xsdbm_v3_0_4_bs_core_vec.vh:205]
INFO: [Synth 8-11241] undeclared symbol 'runtest_int', assumed default net type 'wire' [/home/yhawaz/lab3/lab3.gen/sources_1/bd/design_1/ip/design_1_dvi2rgb_0_0/src/ila_refclk/hdl/verilog/xsdbm_v3_0_4_bs_core_vec.vh:207]
INFO: [Synth 8-11241] undeclared symbol 'tms_int', assumed default net type 'wire' [/home/yhawaz/lab3/lab3.gen/sources_1/bd/design_1/ip/design_1_dvi2rgb_0_0/src/ila_refclk/hdl/verilog/xsdbm_v3_0_4_bs_core_vec.vh:240]
INFO: [Synth 8-11241] undeclared symbol 'runtest_int', assumed default net type 'wire' [/home/yhawaz/lab3/lab3.gen/sources_1/bd/design_1/ip/design_1_dvi2rgb_0_0/src/ila_refclk/hdl/verilog/xsdbm_v3_0_4_bs_core_vec.vh:242]
INFO: [Synth 8-11241] undeclared symbol 'tms_int', assumed default net type 'wire' [/home/yhawaz/lab3/lab3.gen/sources_1/bd/design_1/ip/design_1_dvi2rgb_0_0/src/ila_refclk/hdl/verilog/xsdbm_v3_0_4_bs_core_vec.vh:275]
INFO: [Synth 8-11241] undeclared symbol 'runtest_int', assumed default net type 'wire' [/home/yhawaz/lab3/lab3.gen/sources_1/bd/design_1/ip/design_1_dvi2rgb_0_0/src/ila_refclk/hdl/verilog/xsdbm_v3_0_4_bs_core_vec.vh:277]
INFO: [Common 17-14] Message 'Synth 8-11241' appears 100 times and further instances of the messages will be disabled. Use the Tcl command set_msg_config to change the current settings.
WARNING: [Synth 8-9112] actual for formal port 'arst' is neither a static name nor a globally static expression [/home/yhawaz/lab3/lab3.gen/sources_1/bd/design_1/ipshared/f99d/src/TMDS_Clocking.vhd:135]
WARNING: [Synth 8-9112] actual for formal port 'arst' is neither a static name nor a globally static expression [/home/yhawaz/lab3/lab3.gen/sources_1/bd/design_1/ipshared/f99d/src/dvi2rgb.vhd:212]
WARNING: [Synth 8-9112] actual for formal port 'potherchrdy' is neither a static name nor a globally static expression [/home/yhawaz/lab3/lab3.gen/sources_1/bd/design_1/ipshared/f99d/src/dvi2rgb.vhd:244]
WARNING: [Synth 8-9112] actual for formal port 'potherchvld' is neither a static name nor a globally static expression [/home/yhawaz/lab3/lab3.gen/sources_1/bd/design_1/ipshared/f99d/src/dvi2rgb.vhd:245]
INFO: [Synth 8-638] synthesizing module 'design_1_dvi2rgb_0_0' [/home/yhawaz/lab3/lab3.gen/sources_1/bd/design_1/ip/design_1_dvi2rgb_0_0/synth/design_1_dvi2rgb_0_0.vhd:81]
	Parameter kEmulateDDC bound to: 1 - type: bool 
	Parameter kRstActiveHigh bound to: 1 - type: bool 
	Parameter kClkRange bound to: 3 - type: integer 
	Parameter kIDLY_TapValuePs bound to: 78 - type: integer 
	Parameter kIDLY_TapWidth bound to: 5 - type: integer 
	Parameter kAddBUFG bound to: 1 - type: bool 
	Parameter kEdidFileName bound to: dgl_720p_cea.data - type: string 
	Parameter kDebug bound to: 0 - type: bool 
INFO: [Synth 8-3491] module 'dvi2rgb' declared at '/home/yhawaz/lab3/lab3.gen/sources_1/bd/design_1/ipshared/f99d/src/dvi2rgb.vhd:64' bound to instance 'U0' of component 'dvi2rgb' [/home/yhawaz/lab3/lab3.gen/sources_1/bd/design_1/ip/design_1_dvi2rgb_0_0/synth/design_1_dvi2rgb_0_0.vhd:156]
INFO: [Synth 8-638] synthesizing module 'dvi2rgb' [/home/yhawaz/lab3/lab3.gen/sources_1/bd/design_1/ipshared/f99d/src/dvi2rgb.vhd:112]
INFO: [Synth 8-638] synthesizing module 'TMDS_Clocking' [/home/yhawaz/lab3/lab3.gen/sources_1/bd/design_1/ipshared/f99d/src/TMDS_Clocking.vhd:82]
INFO: [Synth 8-638] synthesizing module 'ResetBridge' [/home/yhawaz/lab3/lab3.gen/sources_1/bd/design_1/ipshared/f99d/src/SyncAsyncReset.vhd:72]
INFO: [Synth 8-638] synthesizing module 'SyncAsync' [/home/yhawaz/lab3/lab3.gen/sources_1/bd/design_1/ipshared/f99d/src/SyncAsync.vhd:72]
INFO: [Synth 8-256] done synthesizing module 'SyncAsync' (0#1) [/home/yhawaz/lab3/lab3.gen/sources_1/bd/design_1/ipshared/f99d/src/SyncAsync.vhd:72]
INFO: [Synth 8-256] done synthesizing module 'ResetBridge' (0#1) [/home/yhawaz/lab3/lab3.gen/sources_1/bd/design_1/ipshared/f99d/src/SyncAsyncReset.vhd:72]
INFO: [Synth 8-113] binding component instance 'IDelayCtrlX' to cell 'IDELAYCTRL' [/home/yhawaz/lab3/lab3.gen/sources_1/bd/design_1/ipshared/f99d/src/TMDS_Clocking.vhd:125]
	Parameter DIFF_TERM bound to: 0 - type: bool 
	Parameter IBUF_LOW_PWR bound to: 1 - type: bool 
	Parameter IOSTANDARD bound to: TMDS_33 - type: string 
INFO: [Synth 8-113] binding component instance 'InputBuffer' to cell 'IBUFDS' [/home/yhawaz/lab3/lab3.gen/sources_1/bd/design_1/ipshared/f99d/src/TMDS_Clocking.vhd:139]
	Parameter BANDWIDTH bound to: OPTIMIZED - type: string 
	Parameter CLKFBOUT_MULT_F bound to: 15.000000 - type: double 
	Parameter CLKFBOUT_PHASE bound to: 0.000000 - type: double 
	Parameter CLKFBOUT_USE_FINE_PS bound to: 0 - type: bool 
	Parameter CLKIN1_PERIOD bound to: 18.000000 - type: double 
	Parameter CLKOUT0_DIVIDE_F bound to: 3.000000 - type: double 
	Parameter CLKOUT0_DUTY_CYCLE bound to: 0.500000 - type: double 
	Parameter CLKOUT0_PHASE bound to: 0.000000 - type: double 
	Parameter CLKOUT0_USE_FINE_PS bound to: 0 - type: bool 
	Parameter CLKOUT4_CASCADE bound to: 0 - type: bool 
	Parameter COMPENSATION bound to: ZHOLD - type: string 
	Parameter DIVCLK_DIVIDE bound to: 1 - type: integer 
	Parameter REF_JITTER1 bound to: 0.010000 - type: double 
	Parameter STARTUP_WAIT bound to: 0 - type: bool 
INFO: [Synth 8-113] binding component instance 'DVI_ClkGenerator' to cell 'MMCME2_ADV' [/home/yhawaz/lab3/lab3.gen/sources_1/bd/design_1/ipshared/f99d/src/TMDS_Clocking.vhd:180]
INFO: [Synth 8-113] binding component instance 'SerialClkBuffer' to cell 'BUFIO' [/home/yhawaz/lab3/lab3.gen/sources_1/bd/design_1/ipshared/f99d/src/TMDS_Clocking.vhd:239]
	Parameter BUFR_DIVIDE bound to: 5 - type: string 
	Parameter SIM_DEVICE bound to: 7SERIES - type: string 
INFO: [Synth 8-113] binding component instance 'PixelClkBuffer' to cell 'BUFR' [/home/yhawaz/lab3/lab3.gen/sources_1/bd/design_1/ipshared/f99d/src/TMDS_Clocking.vhd:245]
INFO: [Synth 8-638] synthesizing module 'SyncAsync__parameterized0' [/home/yhawaz/lab3/lab3.gen/sources_1/bd/design_1/ipshared/f99d/src/SyncAsync.vhd:72]
INFO: [Synth 8-256] done synthesizing module 'SyncAsync__parameterized0' (0#1) [/home/yhawaz/lab3/lab3.gen/sources_1/bd/design_1/ipshared/f99d/src/SyncAsync.vhd:72]
INFO: [Synth 8-256] done synthesizing module 'TMDS_Clocking' (0#1) [/home/yhawaz/lab3/lab3.gen/sources_1/bd/design_1/ipshared/f99d/src/TMDS_Clocking.vhd:82]
INFO: [Synth 8-638] synthesizing module 'ResetBridge__parameterized0' [/home/yhawaz/lab3/lab3.gen/sources_1/bd/design_1/ipshared/f99d/src/SyncAsyncReset.vhd:72]
INFO: [Synth 8-638] synthesizing module 'SyncAsync__parameterized1' [/home/yhawaz/lab3/lab3.gen/sources_1/bd/design_1/ipshared/f99d/src/SyncAsync.vhd:72]
INFO: [Synth 8-256] done synthesizing module 'SyncAsync__parameterized1' (0#1) [/home/yhawaz/lab3/lab3.gen/sources_1/bd/design_1/ipshared/f99d/src/SyncAsync.vhd:72]
INFO: [Synth 8-256] done synthesizing module 'ResetBridge__parameterized0' (0#1) [/home/yhawaz/lab3/lab3.gen/sources_1/bd/design_1/ipshared/f99d/src/SyncAsyncReset.vhd:72]
INFO: [Synth 8-638] synthesizing module 'TMDS_Decoder' [/home/yhawaz/lab3/lab3.gen/sources_1/bd/design_1/ipshared/f99d/src/TMDS_Decoder.vhd:98]
INFO: [Synth 8-638] synthesizing module 'InputSERDES' [/home/yhawaz/lab3/lab3.gen/sources_1/bd/design_1/ipshared/f99d/src/InputSERDES.vhd:85]
	Parameter DIFF_TERM bound to: 0 - type: bool 
	Parameter IOSTANDARD bound to: TMDS_33 - type: string 
INFO: [Synth 8-113] binding component instance 'InputBuffer' to cell 'IBUFDS' [/home/yhawaz/lab3/lab3.gen/sources_1/bd/design_1/ipshared/f99d/src/InputSERDES.vhd:92]
	Parameter CINVCTRL_SEL bound to: FALSE - type: string 
	Parameter DELAY_SRC bound to: IDATAIN - type: string 
	Parameter HIGH_PERFORMANCE_MODE bound to: TRUE - type: string 
	Parameter IDELAY_TYPE bound to: VARIABLE - type: string 
	Parameter IDELAY_VALUE bound to: 0 - type: integer 
	Parameter PIPE_SEL bound to: FALSE - type: string 
	Parameter REFCLK_FREQUENCY bound to: 200.000000 - type: double 
	Parameter SIGNAL_PATTERN bound to: DATA - type: string 
INFO: [Synth 8-113] binding component instance 'InputDelay' to cell 'IDELAYE2' [/home/yhawaz/lab3/lab3.gen/sources_1/bd/design_1/ipshared/f99d/src/InputSERDES.vhd:102]
	Parameter DATA_RATE bound to: DDR - type: string 
	Parameter DATA_WIDTH bound to: 10 - type: integer 
	Parameter DYN_CLKDIV_INV_EN bound to: FALSE - type: string 
	Parameter DYN_CLK_INV_EN bound to: FALSE - type: string 
	Parameter INTERFACE_TYPE bound to: NETWORKING - type: string 
	Parameter IOBDELAY bound to: IFD - type: string 
	Parameter NUM_CE bound to: 2 - type: integer 
	Parameter OFB_USED bound to: FALSE - type: string 
	Parameter SERDES_MODE bound to: MASTER - type: string 
INFO: [Synth 8-113] binding component instance 'DeserializerMaster' to cell 'ISERDESE2' [/home/yhawaz/lab3/lab3.gen/sources_1/bd/design_1/ipshared/f99d/src/InputSERDES.vhd:130]
	Parameter DATA_RATE bound to: DDR - type: string 
	Parameter DATA_WIDTH bound to: 10 - type: integer 
	Parameter DYN_CLKDIV_INV_EN bound to: FALSE - type: string 
	Parameter DYN_CLK_INV_EN bound to: FALSE - type: string 
	Parameter INTERFACE_TYPE bound to: NETWORKING - type: string 
	Parameter IOBDELAY bound to: IFD - type: string 
	Parameter NUM_CE bound to: 2 - type: integer 
	Parameter OFB_USED bound to: FALSE - type: string 
	Parameter SERDES_MODE bound to: SLAVE - type: string 
INFO: [Synth 8-113] binding component instance 'DeserializerSlave' to cell 'ISERDESE2' [/home/yhawaz/lab3/lab3.gen/sources_1/bd/design_1/ipshared/f99d/src/InputSERDES.vhd:172]
INFO: [Synth 8-256] done synthesizing module 'InputSERDES' (0#1) [/home/yhawaz/lab3/lab3.gen/sources_1/bd/design_1/ipshared/f99d/src/InputSERDES.vhd:85]
INFO: [Synth 8-638] synthesizing module 'SyncBase' [/home/yhawaz/lab3/lab3.gen/sources_1/bd/design_1/ipshared/f99d/src/SyncBase.vhd:74]
INFO: [Synth 8-256] done synthesizing module 'SyncBase' (0#1) [/home/yhawaz/lab3/lab3.gen/sources_1/bd/design_1/ipshared/f99d/src/SyncBase.vhd:74]
INFO: [Synth 8-638] synthesizing module 'SyncBase__parameterized0' [/home/yhawaz/lab3/lab3.gen/sources_1/bd/design_1/ipshared/f99d/src/SyncBase.vhd:74]
INFO: [Synth 8-256] done synthesizing module 'SyncBase__parameterized0' (0#1) [/home/yhawaz/lab3/lab3.gen/sources_1/bd/design_1/ipshared/f99d/src/SyncBase.vhd:74]
INFO: [Synth 8-638] synthesizing module 'PhaseAlign' [/home/yhawaz/lab3/lab3.gen/sources_1/bd/design_1/ipshared/f99d/src/PhaseAlign.vhd:95]
INFO: [Synth 8-256] done synthesizing module 'PhaseAlign' (0#1) [/home/yhawaz/lab3/lab3.gen/sources_1/bd/design_1/ipshared/f99d/src/PhaseAlign.vhd:95]
INFO: [Synth 8-638] synthesizing module 'ChannelBond' [/home/yhawaz/lab3/lab3.gen/sources_1/bd/design_1/ipshared/f99d/src/ChannelBond.vhd:74]
INFO: [Synth 8-256] done synthesizing module 'ChannelBond' (0#1) [/home/yhawaz/lab3/lab3.gen/sources_1/bd/design_1/ipshared/f99d/src/ChannelBond.vhd:74]
INFO: [Synth 8-256] done synthesizing module 'TMDS_Decoder' (0#1) [/home/yhawaz/lab3/lab3.gen/sources_1/bd/design_1/ipshared/f99d/src/TMDS_Decoder.vhd:98]
INFO: [Synth 8-638] synthesizing module 'ResyncToBUFG' [/home/yhawaz/lab3/lab3.gen/sources_1/bd/design_1/ipshared/f99d/src/ResyncToBUFG.vhd:78]
INFO: [Synth 8-113] binding component instance 'InstBUFG' to cell 'BUFG' [/home/yhawaz/lab3/lab3.gen/sources_1/bd/design_1/ipshared/f99d/src/ResyncToBUFG.vhd:84]
INFO: [Synth 8-256] done synthesizing module 'ResyncToBUFG' (0#1) [/home/yhawaz/lab3/lab3.gen/sources_1/bd/design_1/ipshared/f99d/src/ResyncToBUFG.vhd:78]
INFO: [Synth 8-638] synthesizing module 'EEPROM_8b' [/home/yhawaz/lab3/lab3.gen/sources_1/bd/design_1/ipshared/f99d/src/EEPROM_8b.vhd:85]
INFO: [Synth 8-638] synthesizing module 'TWI_SlaveCtl' [/home/yhawaz/lab3/lab3.gen/sources_1/bd/design_1/ipshared/f99d/src/TWI_SlaveCtl.vhd:87]
INFO: [Synth 8-638] synthesizing module 'GlitchFilter' [/home/yhawaz/lab3/lab3.gen/sources_1/bd/design_1/ipshared/f99d/src/GlitchFilter.vhd:69]
INFO: [Synth 8-256] done synthesizing module 'GlitchFilter' (0#1) [/home/yhawaz/lab3/lab3.gen/sources_1/bd/design_1/ipshared/f99d/src/GlitchFilter.vhd:69]
INFO: [Synth 8-256] done synthesizing module 'TWI_SlaveCtl' (0#1) [/home/yhawaz/lab3/lab3.gen/sources_1/bd/design_1/ipshared/f99d/src/TWI_SlaveCtl.vhd:87]
INFO: [Synth 8-226] default block is never used [/home/yhawaz/lab3/lab3.gen/sources_1/bd/design_1/ipshared/f99d/src/EEPROM_8b.vhd:201]
INFO: [Synth 8-256] done synthesizing module 'EEPROM_8b' (0#1) [/home/yhawaz/lab3/lab3.gen/sources_1/bd/design_1/ipshared/f99d/src/EEPROM_8b.vhd:85]
INFO: [Synth 8-256] done synthesizing module 'dvi2rgb' (0#1) [/home/yhawaz/lab3/lab3.gen/sources_1/bd/design_1/ipshared/f99d/src/dvi2rgb.vhd:112]
INFO: [Synth 8-256] done synthesizing module 'design_1_dvi2rgb_0_0' (0#1) [/home/yhawaz/lab3/lab3.gen/sources_1/bd/design_1/ip/design_1_dvi2rgb_0_0/synth/design_1_dvi2rgb_0_0.vhd:81]
WARNING: [Synth 8-6014] Unused sequential element pTkn0FlagQ_reg was removed.  [/home/yhawaz/lab3/lab3.gen/sources_1/bd/design_1/ipshared/f99d/src/PhaseAlign.vhd:172]
WARNING: [Synth 8-6014] Unused sequential element pTkn1FlagQ_reg was removed.  [/home/yhawaz/lab3/lab3.gen/sources_1/bd/design_1/ipshared/f99d/src/PhaseAlign.vhd:173]
WARNING: [Synth 8-6014] Unused sequential element pTkn2FlagQ_reg was removed.  [/home/yhawaz/lab3/lab3.gen/sources_1/bd/design_1/ipshared/f99d/src/PhaseAlign.vhd:174]
WARNING: [Synth 8-6014] Unused sequential element pTkn3FlagQ_reg was removed.  [/home/yhawaz/lab3/lab3.gen/sources_1/bd/design_1/ipshared/f99d/src/PhaseAlign.vhd:175]
WARNING: [Synth 8-6014] Unused sequential element pDelayFastOvf_reg was removed.  [/home/yhawaz/lab3/lab3.gen/sources_1/bd/design_1/ipshared/f99d/src/PhaseAlign.vhd:209]
WARNING: [Synth 8-7129] Port aRst_n in module dvi2rgb is either unconnected or has no load
WARNING: [Synth 8-7129] Port pRst_n in module dvi2rgb is either unconnected or has no load
---------------------------------------------------------------------------------
Finished RTL Elaboration : Time (s): cpu = 00:00:12 ; elapsed = 00:00:14 . Memory (MB): peak = 2516.160 ; gain = 750.734 ; free physical = 1731 ; free virtual = 15879
---------------------------------------------------------------------------------
---------------------------------------------------------------------------------
Start Handling Custom Attributes
---------------------------------------------------------------------------------
---------------------------------------------------------------------------------
Finished Handling Custom Attributes : Time (s): cpu = 00:00:12 ; elapsed = 00:00:15 . Memory (MB): peak = 2516.160 ; gain = 750.734 ; free physical = 1727 ; free virtual = 15876
---------------------------------------------------------------------------------
---------------------------------------------------------------------------------
Finished RTL Optimization Phase 1 : Time (s): cpu = 00:00:12 ; elapsed = 00:00:15 . Memory (MB): peak = 2516.160 ; gain = 750.734 ; free physical = 1727 ; free virtual = 15876
---------------------------------------------------------------------------------
Netlist sorting complete. Time (s): cpu = 00:00:00 ; elapsed = 00:00:00.01 . Memory (MB): peak = 2516.160 ; gain = 0.000 ; free physical = 1728 ; free virtual = 15877
INFO: [Netlist 29-17] Analyzing 15 Unisim elements for replacement
INFO: [Netlist 29-28] Unisim Transformation completed in 0 CPU seconds
INFO: [Project 1-570] Preparing netlist for logic optimization

Processing XDC Constraints
Initializing timing engine
Parsing XDC File [/home/yhawaz/lab3/lab3.gen/sources_1/bd/design_1/ip/design_1_dvi2rgb_0_0/src/dvi2rgb_ooc.xdc] for cell 'U0'
Finished Parsing XDC File [/home/yhawaz/lab3/lab3.gen/sources_1/bd/design_1/ip/design_1_dvi2rgb_0_0/src/dvi2rgb_ooc.xdc] for cell 'U0'
CRITICAL WARNING: [Designutils 20-1280] Could not find module 'ila_refclk'. The XDC file /home/yhawaz/lab3/lab3.gen/sources_1/bd/design_1/ip/design_1_dvi2rgb_0_0/src/ila_refclk/ila_v6_2/constraints/ila.xdc will not be read for any cell of this module.
CRITICAL WARNING: [Designutils 20-1280] Could not find module 'ila_pixclk'. The XDC file /home/yhawaz/lab3/lab3.gen/sources_1/bd/design_1/ip/design_1_dvi2rgb_0_0/src/ila_pixclk/ila_v6_2/constraints/ila.xdc will not be read for any cell of this module.
Parsing XDC File [/home/yhawaz/lab3/lab3.gen/sources_1/bd/design_1/ip/design_1_dvi2rgb_0_0/src/dvi2rgb.xdc] for cell 'U0'
Finished Parsing XDC File [/home/yhawaz/lab3/lab3.gen/sources_1/bd/design_1/ip/design_1_dvi2rgb_0_0/src/dvi2rgb.xdc] for cell 'U0'
Parsing XDC File [/home/yhawaz/lab3/lab3.runs/design_1_dvi2rgb_0_0_synth_1/dont_touch.xdc]
Finished Parsing XDC File [/home/yhawaz/lab3/lab3.runs/design_1_dvi2rgb_0_0_synth_1/dont_touch.xdc]
INFO: [Project 1-236] Implementation specific constraints were found while reading constraint file [/home/yhawaz/lab3/lab3.runs/design_1_dvi2rgb_0_0_synth_1/dont_touch.xdc]. These constraints will be ignored for synthesis but will be used in implementation. Impacted constraints are listed in the file [.Xil/design_1_dvi2rgb_0_0_propImpl.xdc].
Resolution: To avoid this warning, move constraints listed in [.Xil/design_1_dvi2rgb_0_0_propImpl.xdc] to another XDC file and exclude this new file from synthesis with the used_in_synthesis property (File Properties dialog in GUI) and re-run elaboration/synthesis.
INFO: [Timing 38-2] Deriving generated clocks
Parsing XDC File [/home/yhawaz/lab3/lab3.gen/sources_1/bd/design_1/ip/design_1_dvi2rgb_0_0/src/ila_timing_workaround.xdc] for cell 'U0'
WARNING: [Vivado 12-508] No pins matched 'get_pins -hierarchical -filter { NAME =~  "*ila_core_inst/u_ila_cap_ctrl/u_cap_addrgen/u_cap_window_counter/u_wcnt_lcmp/allx_typeA_match_detection.ltlib_v1_0_0_allx_typeA_inst/DUT/I_WHOLE_SLICE.G_SLICE_IDX[*].U_ALL_SRL_SLICE/u_srl*/S*/CLK*"}'. [/home/yhawaz/lab3/lab3.gen/sources_1/bd/design_1/ip/design_1_dvi2rgb_0_0/src/ila_timing_workaround.xdc:10]
WARNING: [Vivado 12-180] No cells matched 'get_cells -hierarchical -filter { NAME =~  "*ila_core_inst/u_ila_cap_ctrl/u_cap_addrgen/u_cap_window_counter/u_wcnt_lcmp_q*" && IS_SEQUENTIAL }'. [/home/yhawaz/lab3/lab3.gen/sources_1/bd/design_1/ip/design_1_dvi2rgb_0_0/src/ila_timing_workaround.xdc:10]
CRITICAL WARNING: [Vivado 12-4739] set_false_path:No valid object(s) found for '-from [get_pins -hierarchical -filter { NAME =~  "*ila_core_inst/u_ila_cap_ctrl/u_cap_addrgen/u_cap_window_counter/u_wcnt_lcmp/allx_typeA_match_detection.ltlib_v1_0_0_allx_typeA_inst/DUT/I_WHOLE_SLICE.G_SLICE_IDX[*].U_ALL_SRL_SLICE/u_srl*/S*/CLK*"}]'. [/home/yhawaz/lab3/lab3.gen/sources_1/bd/design_1/ip/design_1_dvi2rgb_0_0/src/ila_timing_workaround.xdc:10]
Resolution: Check if the specified object(s) exists in the current design. If it does, ensure that the correct design hierarchy was specified for the object. If you are working with clocks, make sure create_clock was used to create the clock object before it is referenced.
WARNING: [Vivado 12-508] No pins matched 'get_pins -hierarchical -filter { NAME =~  "*ila_core_inst/u_ila_cap_ctrl/u_cap_addrgen/u_cap_window_counter/u_wcnt_hcmp/allx_typeA_match_detection.ltlib_v1_0_0_allx_typeA_inst/DUT/I_WHOLE_SLICE.G_SLICE_IDX[*].U_ALL_SRL_SLICE/u_srl*/S*/CLK*"}'. [/home/yhawaz/lab3/lab3.gen/sources_1/bd/design_1/ip/design_1_dvi2rgb_0_0/src/ila_timing_workaround.xdc:11]
WARNING: [Vivado 12-180] No cells matched 'get_cells -hierarchical -filter { NAME =~  "*ila_core_inst/u_ila_cap_ctrl/u_cap_addrgen/u_cap_window_counter/u_wcnt_hcmp_q*" && IS_SEQUENTIAL }'. [/home/yhawaz/lab3/lab3.gen/sources_1/bd/design_1/ip/design_1_dvi2rgb_0_0/src/ila_timing_workaround.xdc:11]
CRITICAL WARNING: [Vivado 12-4739] set_false_path:No valid object(s) found for '-from [get_pins -hierarchical -filter { NAME =~  "*ila_core_inst/u_ila_cap_ctrl/u_cap_addrgen/u_cap_window_counter/u_wcnt_hcmp/allx_typeA_match_detection.ltlib_v1_0_0_allx_typeA_inst/DUT/I_WHOLE_SLICE.G_SLICE_IDX[*].U_ALL_SRL_SLICE/u_srl*/S*/CLK*"}]'. [/home/yhawaz/lab3/lab3.gen/sources_1/bd/design_1/ip/design_1_dvi2rgb_0_0/src/ila_timing_workaround.xdc:11]
Resolution: Check if the specified object(s) exists in the current design. If it does, ensure that the correct design hierarchy was specified for the object. If you are working with clocks, make sure create_clock was used to create the clock object before it is referenced.
WARNING: [Vivado 12-508] No pins matched 'get_pins -hierarchical -filter { NAME =~  "*ila_core_inst/u_ila_cap_ctrl/u_cap_addrgen/u_cap_sample_counter/u_scnt_cmp/allx_typeA_match_detection.ltlib_v1_0_0_allx_typeA_inst/DUT/I_WHOLE_SLICE.G_SLICE_IDX[*].U_ALL_SRL_SLICE/u_srl*/S*/CLK*"}'. [/home/yhawaz/lab3/lab3.gen/sources_1/bd/design_1/ip/design_1_dvi2rgb_0_0/src/ila_timing_workaround.xdc:12]
WARNING: [Vivado 12-180] No cells matched 'get_cells -hierarchical -filter { NAME =~  "*ila_core_inst/u_ila_cap_ctrl/u_cap_addrgen/u_cap_sample_counter/u_scnt_cmp_q*" && IS_SEQUENTIAL }'. [/home/yhawaz/lab3/lab3.gen/sources_1/bd/design_1/ip/design_1_dvi2rgb_0_0/src/ila_timing_workaround.xdc:12]
CRITICAL WARNING: [Vivado 12-4739] set_false_path:No valid object(s) found for '-from [get_pins -hierarchical -filter { NAME =~  "*ila_core_inst/u_ila_cap_ctrl/u_cap_addrgen/u_cap_sample_counter/u_scnt_cmp/allx_typeA_match_detection.ltlib_v1_0_0_allx_typeA_inst/DUT/I_WHOLE_SLICE.G_SLICE_IDX[*].U_ALL_SRL_SLICE/u_srl*/S*/CLK*"}]'. [/home/yhawaz/lab3/lab3.gen/sources_1/bd/design_1/ip/design_1_dvi2rgb_0_0/src/ila_timing_workaround.xdc:12]
Resolution: Check if the specified object(s) exists in the current design. If it does, ensure that the correct design hierarchy was specified for the object. If you are working with clocks, make sure create_clock was used to create the clock object before it is referenced.
WARNING: [Vivado 12-508] No pins matched 'get_pins -hierarchical -filter { NAME =~  "*allx_typeA_match_detection.ltlib_v1_0_0_allx_typeA_inst/DUT/I_WHOLE_SLICE.G_SLICE_IDX[*].U_ALL_SRL_SLICE/u_srl*/S*/CLK"}'. [/home/yhawaz/lab3/lab3.gen/sources_1/bd/design_1/ip/design_1_dvi2rgb_0_0/src/ila_timing_workaround.xdc:13]
WARNING: [Vivado 12-508] No pins matched 'get_pins -hierarchical -filter {NAME =~  "*allx_typeA_match_detection.ltlib_v1_0_0_allx_typeA_inst/DUT/I_WHOLE_SLICE.G_SLICE_IDX[*].U_ALL_SRL_SLICE/I_IS_TERMINATION_SLICE_W_OUTPUT_REG.DOUT_O_reg/D"}'. [/home/yhawaz/lab3/lab3.gen/sources_1/bd/design_1/ip/design_1_dvi2rgb_0_0/src/ila_timing_workaround.xdc:13]
CRITICAL WARNING: [Vivado 12-4739] set_false_path:No valid object(s) found for '-from [get_pins -hierarchical -filter { NAME =~  "*allx_typeA_match_detection.ltlib_v1_0_0_allx_typeA_inst/DUT/I_WHOLE_SLICE.G_SLICE_IDX[*].U_ALL_SRL_SLICE/u_srl*/S*/CLK"}]'. [/home/yhawaz/lab3/lab3.gen/sources_1/bd/design_1/ip/design_1_dvi2rgb_0_0/src/ila_timing_workaround.xdc:13]
Resolution: Check if the specified object(s) exists in the current design. If it does, ensure that the correct design hierarchy was specified for the object. If you are working with clocks, make sure create_clock was used to create the clock object before it is referenced.
Finished Parsing XDC File [/home/yhawaz/lab3/lab3.gen/sources_1/bd/design_1/ip/design_1_dvi2rgb_0_0/src/ila_timing_workaround.xdc] for cell 'U0'
Completed Processing XDC Constraints

Netlist sorting complete. Time (s): cpu = 00:00:00 ; elapsed = 00:00:00 . Memory (MB): peak = 2556.180 ; gain = 0.000 ; free physical = 1652 ; free virtual = 15801
INFO: [Project 1-111] Unisim Transformation Summary:
No Unisim elements were transformed.

Constraint Validation Runtime : Time (s): cpu = 00:00:00.02 ; elapsed = 00:00:00.02 . Memory (MB): peak = 2556.215 ; gain = 0.000 ; free physical = 1645 ; free virtual = 15793
INFO: [Designutils 20-5008] Incremental synthesis strategy off
---------------------------------------------------------------------------------
Finished Constraint Validation : Time (s): cpu = 00:00:18 ; elapsed = 00:00:21 . Memory (MB): peak = 2556.215 ; gain = 790.789 ; free physical = 1011 ; free virtual = 15159
---------------------------------------------------------------------------------
---------------------------------------------------------------------------------
Start Loading Part and Timing Information
---------------------------------------------------------------------------------
Loading part: xc7z020clg400-1
---------------------------------------------------------------------------------
Finished Loading Part and Timing Information : Time (s): cpu = 00:00:18 ; elapsed = 00:00:21 . Memory (MB): peak = 2564.184 ; gain = 798.758 ; free physical = 1011 ; free virtual = 15159
---------------------------------------------------------------------------------
---------------------------------------------------------------------------------
Start Applying 'set_property' XDC Constraints
---------------------------------------------------------------------------------
---------------------------------------------------------------------------------
Finished applying 'set_property' XDC Constraints : Time (s): cpu = 00:00:18 ; elapsed = 00:00:21 . Memory (MB): peak = 2564.184 ; gain = 798.758 ; free physical = 1011 ; free virtual = 15159
---------------------------------------------------------------------------------
INFO: [Synth 8-802] inferred FSM for state register 'pState_reg' in module 'PhaseAlign'
INFO: [Synth 8-802] inferred FSM for state register 'state_reg' in module 'TWI_SlaveCtl'
INFO: [Synth 8-802] inferred FSM for state register 'sState_reg' in module 'EEPROM_8b'
---------------------------------------------------------------------------------------------------
                   State |                     New Encoding |                Previous Encoding 
---------------------------------------------------------------------------------------------------
*
                 resetst |                      00000000001 |                      00000000001
                  idlest |                      00000000010 |                      00000000010
                 tokenst |                      00000000100 |                      00000000100
               eyeopenst |                      00000001000 |                      00000001000
               jtrzonest |                      00000010000 |                      00000010000
                dlydecst |                      00010000000 |                      00010000000
          dlytstcenterst |                      00100000000 |                      00100000000
               alignedst |                      01000000000 |                      01000000000
                dlyincst |                      00000100000 |                      00000100000
             dlytstovfst |                      00001000000 |                      00001000000
            alignerrorst |                      10000000000 |                      10000000000
---------------------------------------------------------------------------------------------------
INFO: [Synth 8-3898] No Re-encoding of one hot register 'pState_reg' in module 'PhaseAlign'
---------------------------------------------------------------------------------------------------
                   State |                     New Encoding |                Previous Encoding 
---------------------------------------------------------------------------------------------------
                  stidle |                              000 |                              000
               staddress |                              011 |                              001
            stturnaround |                              111 |                              110
                  stsack |                              101 |                              100
                  stread |                              001 |                              010
                  stmack |                              010 |                              101
                 stwrite |                              110 |                              011
---------------------------------------------------------------------------------------------------
INFO: [Synth 8-3354] encoded FSM with state register 'state_reg' using encoding 'gray' in module 'TWI_SlaveCtl'
---------------------------------------------------------------------------------------------------
                   State |                     New Encoding |                Previous Encoding 
---------------------------------------------------------------------------------------------------
                  stidle |                             0001 |                               00
                  stread |                             0010 |                               01
            stregaddress |                             0100 |                               11
                 stwrite |                             1000 |                               10
---------------------------------------------------------------------------------------------------
INFO: [Synth 8-3354] encoded FSM with state register 'sState_reg' using encoding 'one-hot' in module 'EEPROM_8b'
---------------------------------------------------------------------------------
Finished RTL Optimization Phase 2 : Time (s): cpu = 00:00:19 ; elapsed = 00:00:22 . Memory (MB): peak = 2564.184 ; gain = 798.758 ; free physical = 979 ; free virtual = 15129
---------------------------------------------------------------------------------
---------------------------------------------------------------------------------
Start RTL Component Statistics 
---------------------------------------------------------------------------------
---------------------------------------------------------------------------------
Finished RTL Component Statistics 
---------------------------------------------------------------------------------
---------------------------------------------------------------------------------
Start Part Resource Summary
---------------------------------------------------------------------------------
Part Resources:
DSPs: 220 (col length:60)
BRAMs: 280 (col length: RAMB18 60 RAMB36 30)
---------------------------------------------------------------------------------
Finished Part Resource Summary
---------------------------------------------------------------------------------
---------------------------------------------------------------------------------
Start Cross Boundary and Area Optimization
---------------------------------------------------------------------------------
WARNING: [Synth 8-7080] Parallel synthesis criteria is not met
WARNING: [Synth 8-7129] Port aRst_n in module dvi2rgb is either unconnected or has no load
WARNING: [Synth 8-7129] Port pRst_n in module dvi2rgb is either unconnected or has no load
---------------------------------------------------------------------------------
Finished Cross Boundary and Area Optimization : Time (s): cpu = 00:00:22 ; elapsed = 00:00:25 . Memory (MB): peak = 2564.184 ; gain = 798.758 ; free physical = 720 ; free virtual = 14865
---------------------------------------------------------------------------------
---------------------------------------------------------------------------------
Start Applying XDC Timing Constraints
---------------------------------------------------------------------------------
---------------------------------------------------------------------------------
Finished Applying XDC Timing Constraints : Time (s): cpu = 00:00:26 ; elapsed = 00:00:29 . Memory (MB): peak = 2564.184 ; gain = 798.758 ; free physical = 779 ; free virtual = 14928
---------------------------------------------------------------------------------
---------------------------------------------------------------------------------
Start Timing Optimization
---------------------------------------------------------------------------------
---------------------------------------------------------------------------------
Finished Timing Optimization : Time (s): cpu = 00:00:26 ; elapsed = 00:00:29 . Memory (MB): peak = 2564.184 ; gain = 798.758 ; free physical = 779 ; free virtual = 14927
---------------------------------------------------------------------------------
---------------------------------------------------------------------------------
Start Technology Mapping
---------------------------------------------------------------------------------
---------------------------------------------------------------------------------
Finished Technology Mapping : Time (s): cpu = 00:00:27 ; elapsed = 00:00:30 . Memory (MB): peak = 2564.184 ; gain = 798.758 ; free physical = 781 ; free virtual = 14930
---------------------------------------------------------------------------------
---------------------------------------------------------------------------------
Start IO Insertion
---------------------------------------------------------------------------------
---------------------------------------------------------------------------------
Start Flattening Before IO Insertion
---------------------------------------------------------------------------------
---------------------------------------------------------------------------------
Finished Flattening Before IO Insertion
---------------------------------------------------------------------------------
---------------------------------------------------------------------------------
Start Final Netlist Cleanup
---------------------------------------------------------------------------------
---------------------------------------------------------------------------------
Finished Final Netlist Cleanup
---------------------------------------------------------------------------------
---------------------------------------------------------------------------------
Finished IO Insertion : Time (s): cpu = 00:00:29 ; elapsed = 00:00:32 . Memory (MB): peak = 2665.996 ; gain = 900.570 ; free physical = 745 ; free virtual = 14894
---------------------------------------------------------------------------------
---------------------------------------------------------------------------------
Start Renaming Generated Instances
---------------------------------------------------------------------------------
---------------------------------------------------------------------------------
Finished Renaming Generated Instances : Time (s): cpu = 00:00:29 ; elapsed = 00:00:32 . Memory (MB): peak = 2665.996 ; gain = 900.570 ; free physical = 745 ; free virtual = 14894
---------------------------------------------------------------------------------
---------------------------------------------------------------------------------
Start Rebuilding User Hierarchy
---------------------------------------------------------------------------------
---------------------------------------------------------------------------------
Finished Rebuilding User Hierarchy : Time (s): cpu = 00:00:29 ; elapsed = 00:00:32 . Memory (MB): peak = 2665.996 ; gain = 900.570 ; free physical = 745 ; free virtual = 14894
---------------------------------------------------------------------------------
---------------------------------------------------------------------------------
Start Renaming Generated Ports
---------------------------------------------------------------------------------
---------------------------------------------------------------------------------
Finished Renaming Generated Ports : Time (s): cpu = 00:00:29 ; elapsed = 00:00:32 . Memory (MB): peak = 2665.996 ; gain = 900.570 ; free physical = 745 ; free virtual = 14894
---------------------------------------------------------------------------------
---------------------------------------------------------------------------------
Start Handling Custom Attributes
---------------------------------------------------------------------------------
---------------------------------------------------------------------------------
Finished Handling Custom Attributes : Time (s): cpu = 00:00:29 ; elapsed = 00:00:32 . Memory (MB): peak = 2665.996 ; gain = 900.570 ; free physical = 745 ; free virtual = 14894
---------------------------------------------------------------------------------
---------------------------------------------------------------------------------
Start Renaming Generated Nets
---------------------------------------------------------------------------------
---------------------------------------------------------------------------------
Finished Renaming Generated Nets : Time (s): cpu = 00:00:29 ; elapsed = 00:00:32 . Memory (MB): peak = 2665.996 ; gain = 900.570 ; free physical = 743 ; free virtual = 14892
---------------------------------------------------------------------------------
---------------------------------------------------------------------------------
Start Writing Synthesis Report
---------------------------------------------------------------------------------

Report BlackBoxes: 
+-+--------------+----------+
| |BlackBox name |Instances |
+-+--------------+----------+
+-+--------------+----------+

Report Cell Usage: 
+------+-----------+------+
|      |Cell       |Count |
+------+-----------+------+
|1     |BUFG       |     1|
|2     |BUFIO      |     1|
|3     |BUFR       |     1|
|4     |CARRY4     |    18|
|5     |IDELAYCTRL |     1|
|6     |IDELAYE2   |     3|
|7     |ISERDESE2  |     6|
|9     |LUT1       |    24|
|10    |LUT2       |    56|
|11    |LUT3       |    86|
|12    |LUT4       |    68|
|13    |LUT5       |   107|
|14    |LUT6       |   163|
|15    |MMCME2_ADV |     1|
|16    |MUXF7      |    16|
|17    |MUXF8      |     8|
|18    |RAM32M     |     6|
|19    |FDCE       |    12|
|20    |FDPE       |    20|
|21    |FDRE       |   449|
|22    |FDSE       |    12|
|23    |IBUFDS     |     4|
+------+-----------+------+
---------------------------------------------------------------------------------
Finished Writing Synthesis Report : Time (s): cpu = 00:00:29 ; elapsed = 00:00:32 . Memory (MB): peak = 2665.996 ; gain = 900.570 ; free physical = 743 ; free virtual = 14892
---------------------------------------------------------------------------------
Synthesis finished with 0 errors, 0 critical warnings and 3 warnings.
Synthesis Optimization Runtime : Time (s): cpu = 00:00:27 ; elapsed = 00:00:30 . Memory (MB): peak = 2665.996 ; gain = 860.516 ; free physical = 728 ; free virtual = 14877
Synthesis Optimization Complete : Time (s): cpu = 00:00:29 ; elapsed = 00:00:32 . Memory (MB): peak = 2666.004 ; gain = 900.570 ; free physical = 728 ; free virtual = 14877
INFO: [Project 1-571] Translating synthesized netlist
Netlist sorting complete. Time (s): cpu = 00:00:00.01 ; elapsed = 00:00:00.01 . Memory (MB): peak = 2666.004 ; gain = 0.000 ; free physical = 728 ; free virtual = 14877
INFO: [Netlist 29-17] Analyzing 63 Unisim elements for replacement
INFO: [Netlist 29-28] Unisim Transformation completed in 0 CPU seconds
INFO: [Project 1-570] Preparing netlist for logic optimization
INFO: [Opt 31-138] Pushed 1 inverter(s) to 6 load pin(s).
Netlist sorting complete. Time (s): cpu = 00:00:00 ; elapsed = 00:00:00 . Memory (MB): peak = 2722.023 ; gain = 0.000 ; free physical = 804 ; free virtual = 14953
INFO: [Project 1-111] Unisim Transformation Summary:
  A total of 6 instances were transformed.
  RAM32M => RAM32M (RAMD32(x6), RAMS32(x2)): 6 instances

Synth Design complete | Checksum: 7ea160d6
INFO: [Common 17-83] Releasing license: Synthesis
178 Infos, 22 Warnings, 6 Critical Warnings and 0 Errors encountered.
synth_design completed successfully
synth_design: Time (s): cpu = 00:00:35 ; elapsed = 00:00:36 . Memory (MB): peak = 2722.059 ; gain = 1154.477 ; free physical = 805 ; free virtual = 14953
INFO: [Common 17-2834] synth_design peak Physical Memory [PSS] (MB): overall = 1763.117; main = 1655.604; forked = 206.423
INFO: [Common 17-2834] synth_design peak Virtual Memory [VSS] (MB): overall = 3528.055; main = 2722.027; forked = 963.867
Write ShapeDB Complete: Time (s): cpu = 00:00:00.01 ; elapsed = 00:00:00 . Memory (MB): peak = 2746.035 ; gain = 0.000 ; free physical = 805 ; free virtual = 14953
INFO: [Common 17-1381] The checkpoint '/home/yhawaz/lab3/lab3.runs/design_1_dvi2rgb_0_0_synth_1/design_1_dvi2rgb_0_0.dcp' has been generated.
INFO: [runtcl-6] Synthesis results are not added to the cache due to CRITICAL_WARNING
INFO: [Coretcl 2-1174] Renamed 42 cell refs.
Write ShapeDB Complete: Time (s): cpu = 00:00:00.01 ; elapsed = 00:00:00 . Memory (MB): peak = 2746.035 ; gain = 0.000 ; free physical = 787 ; free virtual = 14937
INFO: [Common 17-1381] The checkpoint '/home/yhawaz/lab3/lab3.runs/design_1_dvi2rgb_0_0_synth_1/design_1_dvi2rgb_0_0.dcp' has been generated.
INFO: [Vivado 12-24828] Executing command : report_utilization -file design_1_dvi2rgb_0_0_utilization_synth.rpt -pb design_1_dvi2rgb_0_0_utilization_synth.pb
INFO: [Common 17-206] Exiting Vivado at Thu Sep 25 19:43:41 2025...
