
*** Running vivado
    with args -log design_1_fir_wrapper_0_0.vds -m64 -product Vivado -mode batch -messageDb vivado.pb -notrace -source design_1_fir_wrapper_0_0.tcl


****** Vivado v2025.1 (64-bit)
  **** SW Build 6140274 on Wed May 21 22:58:25 MDT 2025
  **** IP Build 6138677 on Thu May 22 03:10:11 MDT 2025
  **** SharedData Build 6139179 on Tue May 20 17:58:58 MDT 2025
  **** Start of session at: Thu Sep 25 19:46:32 2025
    ** Copyright 1986-2022 Xilinx, Inc. All Rights Reserved.
    ** Copyright 2022-2025 Advanced Micro Devices, Inc. All Rights Reserved.

source design_1_fir_wrapper_0_0.tcl -notrace
INFO: [IP_Flow 19-234] Refreshing IP repositories
INFO: [IP_Flow 19-1700] Loaded user IP repository '/home/yhawaz/ip_repo/fir_interface_1_0'.
INFO: [IP_Flow 19-1700] Loaded user IP repository '/home/yhawaz/lab3_files/vivado-library'.
INFO: [IP_Flow 19-2313] Loaded Vivado IP repository '/tools/Xilinx/2025.1/Vivado/data/ip'.
Command: synth_design -top design_1_fir_wrapper_0_0 -part xc7z020clg400-1 -incremental_mode off -mode out_of_context
Starting synth_design
Attempting to get a license for feature 'Synthesis' and/or device 'xc7z020'
INFO: [Common 17-349] Got license for feature 'Synthesis' and/or device 'xc7z020'
INFO: [Device 21-403] Loading part xc7z020clg400-1
INFO: [Synth 8-7079] Multithreading enabled for synth_design using a maximum of 7 processes.
INFO: [Synth 8-7078] Launching helper process for spawning children vivado processes
INFO: [Synth 8-7075] Helper process launched with PID 1433008
---------------------------------------------------------------------------------
Starting RTL Elaboration : Time (s): cpu = 00:00:03 ; elapsed = 00:00:03 . Memory (MB): peak = 2176.812 ; gain = 439.797 ; free physical = 7611 ; free virtual = 21757
---------------------------------------------------------------------------------
WARNING: [Synth 8-6901] identifier 'NUM_COEFFS' is used before its declaration [/home/yhawaz/lab3/lab3.srcs/sources_1/imports/Downloads/fir_15.sv:7]
INFO: [Synth 8-6157] synthesizing module 'design_1_fir_wrapper_0_0' [/home/yhawaz/lab3/lab3.gen/sources_1/bd/design_1/ip/design_1_fir_wrapper_0_0/synth/design_1_fir_wrapper_0_0.v:53]
INFO: [Synth 8-6157] synthesizing module 'fir_wrapper' [/home/yhawaz/lab3/lab3.srcs/sources_1/imports/lab3_files/fir_wrapper.v:25]
INFO: [Synth 8-6157] synthesizing module 'fir_15' [/home/yhawaz/lab3/lab3.srcs/sources_1/imports/Downloads/fir_15.sv:1]
INFO: [Synth 8-6155] done synthesizing module 'fir_15' (0#1) [/home/yhawaz/lab3/lab3.srcs/sources_1/imports/Downloads/fir_15.sv:1]
INFO: [Synth 8-6155] done synthesizing module 'fir_wrapper' (0#1) [/home/yhawaz/lab3/lab3.srcs/sources_1/imports/lab3_files/fir_wrapper.v:25]
INFO: [Synth 8-6155] done synthesizing module 'design_1_fir_wrapper_0_0' (0#1) [/home/yhawaz/lab3/lab3.gen/sources_1/bd/design_1/ip/design_1_fir_wrapper_0_0/synth/design_1_fir_wrapper_0_0.v:53]
WARNING: [Synth 8-6014] Unused sequential element running_sums_reg[14] was removed.  [/home/yhawaz/lab3/lab3.srcs/sources_1/imports/Downloads/fir_15.sv:16]
WARNING: [Synth 8-7129] Port btns[3] in module fir_wrapper is either unconnected or has no load
---------------------------------------------------------------------------------
Finished RTL Elaboration : Time (s): cpu = 00:00:04 ; elapsed = 00:00:04 . Memory (MB): peak = 2258.750 ; gain = 521.734 ; free physical = 7513 ; free virtual = 21659
---------------------------------------------------------------------------------
---------------------------------------------------------------------------------
Start Handling Custom Attributes
---------------------------------------------------------------------------------
---------------------------------------------------------------------------------
Finished Handling Custom Attributes : Time (s): cpu = 00:00:04 ; elapsed = 00:00:04 . Memory (MB): peak = 2276.562 ; gain = 539.547 ; free physical = 7513 ; free virtual = 21659
---------------------------------------------------------------------------------
---------------------------------------------------------------------------------
Finished RTL Optimization Phase 1 : Time (s): cpu = 00:00:04 ; elapsed = 00:00:04 . Memory (MB): peak = 2276.562 ; gain = 539.547 ; free physical = 7513 ; free virtual = 21659
---------------------------------------------------------------------------------
Netlist sorting complete. Time (s): cpu = 00:00:00.01 ; elapsed = 00:00:00.02 . Memory (MB): peak = 2276.562 ; gain = 0.000 ; free physical = 7509 ; free virtual = 21656
INFO: [Project 1-570] Preparing netlist for logic optimization

Processing XDC Constraints
Initializing timing engine
Completed Processing XDC Constraints

Netlist sorting complete. Time (s): cpu = 00:00:00 ; elapsed = 00:00:00 . Memory (MB): peak = 2402.332 ; gain = 0.000 ; free physical = 7522 ; free virtual = 21667
INFO: [Project 1-111] Unisim Transformation Summary:
No Unisim elements were transformed.

Constraint Validation Runtime : Time (s): cpu = 00:00:00.08 ; elapsed = 00:00:00.02 . Memory (MB): peak = 2402.367 ; gain = 0.000 ; free physical = 7522 ; free virtual = 21667
INFO: [Designutils 20-5008] Incremental synthesis strategy off
---------------------------------------------------------------------------------
Finished Constraint Validation : Time (s): cpu = 00:00:09 ; elapsed = 00:00:09 . Memory (MB): peak = 2402.367 ; gain = 665.352 ; free physical = 7586 ; free virtual = 21733
---------------------------------------------------------------------------------
---------------------------------------------------------------------------------
Start Loading Part and Timing Information
---------------------------------------------------------------------------------
Loading part: xc7z020clg400-1
---------------------------------------------------------------------------------
Finished Loading Part and Timing Information : Time (s): cpu = 00:00:09 ; elapsed = 00:00:09 . Memory (MB): peak = 2410.336 ; gain = 673.320 ; free physical = 7586 ; free virtual = 21733
---------------------------------------------------------------------------------
---------------------------------------------------------------------------------
Start Applying 'set_property' XDC Constraints
---------------------------------------------------------------------------------
---------------------------------------------------------------------------------
Finished applying 'set_property' XDC Constraints : Time (s): cpu = 00:00:09 ; elapsed = 00:00:09 . Memory (MB): peak = 2410.336 ; gain = 673.320 ; free physical = 7586 ; free virtual = 21732
---------------------------------------------------------------------------------
---------------------------------------------------------------------------------
Finished RTL Optimization Phase 2 : Time (s): cpu = 00:00:09 ; elapsed = 00:00:09 . Memory (MB): peak = 2410.336 ; gain = 673.320 ; free physical = 7586 ; free virtual = 21733
---------------------------------------------------------------------------------
---------------------------------------------------------------------------------
Start RTL Component Statistics 
---------------------------------------------------------------------------------
Detailed RTL Component Info : 
+---Adders : 
	   2 Input   32 Bit       Adders := 45    
	   2 Input    8 Bit       Adders := 3     
+---Registers : 
	               32 Bit    Registers := 51    
	               24 Bit    Registers := 3     
	                1 Bit    Registers := 12    
+---Multipliers : 
	               8x32  Multipliers := 45    
+---Muxes : 
	   4 Input   32 Bit        Muxes := 3     
	   2 Input   32 Bit        Muxes := 15    
	   2 Input    8 Bit        Muxes := 6     
---------------------------------------------------------------------------------
Finished RTL Component Statistics 
---------------------------------------------------------------------------------
---------------------------------------------------------------------------------
Start Part Resource Summary
---------------------------------------------------------------------------------
Part Resources:
DSPs: 220 (col length:60)
BRAMs: 280 (col length: RAMB18 60 RAMB36 30)
---------------------------------------------------------------------------------
Finished Part Resource Summary
---------------------------------------------------------------------------------
---------------------------------------------------------------------------------
Start Cross Boundary and Area Optimization
---------------------------------------------------------------------------------
WARNING: [Synth 8-7080] Parallel synthesis criteria is not met
DSP Report: Generating DSP p_0_out, operation Mode is: A*B.
DSP Report: operator p_0_out is absorbed into DSP p_0_out.
DSP Report: operator p_0_out is absorbed into DSP p_0_out.
DSP Report: Generating DSP running_sums_reg[13], operation Mode is: (PCIN>>17)+A*B.
DSP Report: register running_sums_reg[13] is absorbed into DSP running_sums_reg[13].
DSP Report: operator p_0_out is absorbed into DSP running_sums_reg[13].
DSP Report: operator p_0_out is absorbed into DSP running_sums_reg[13].
DSP Report: Generating DSP p_0_out, operation Mode is: A*B.
DSP Report: operator p_0_out is absorbed into DSP p_0_out.
DSP Report: operator p_0_out is absorbed into DSP p_0_out.
DSP Report: Generating DSP p_0_out, operation Mode is: (PCIN>>17)+A*B.
DSP Report: operator p_0_out is absorbed into DSP p_0_out.
DSP Report: operator p_0_out is absorbed into DSP p_0_out.
DSP Report: Generating DSP p_0_out, operation Mode is: A*B.
DSP Report: operator p_0_out is absorbed into DSP p_0_out.
DSP Report: operator p_0_out is absorbed into DSP p_0_out.
DSP Report: Generating DSP p_0_out, operation Mode is: (PCIN>>17)+A*B.
DSP Report: operator p_0_out is absorbed into DSP p_0_out.
DSP Report: operator p_0_out is absorbed into DSP p_0_out.
DSP Report: Generating DSP p_0_out, operation Mode is: A*B.
DSP Report: operator p_0_out is absorbed into DSP p_0_out.
DSP Report: operator p_0_out is absorbed into DSP p_0_out.
DSP Report: Generating DSP p_0_out, operation Mode is: (PCIN>>17)+A*B.
DSP Report: operator p_0_out is absorbed into DSP p_0_out.
DSP Report: operator p_0_out is absorbed into DSP p_0_out.
DSP Report: Generating DSP p_0_out, operation Mode is: A*B.
DSP Report: operator p_0_out is absorbed into DSP p_0_out.
DSP Report: operator p_0_out is absorbed into DSP p_0_out.
DSP Report: Generating DSP p_0_out, operation Mode is: (PCIN>>17)+A*B.
DSP Report: operator p_0_out is absorbed into DSP p_0_out.
DSP Report: operator p_0_out is absorbed into DSP p_0_out.
DSP Report: Generating DSP p_0_out, operation Mode is: A*B.
DSP Report: operator p_0_out is absorbed into DSP p_0_out.
DSP Report: operator p_0_out is absorbed into DSP p_0_out.
DSP Report: Generating DSP p_0_out, operation Mode is: (PCIN>>17)+A*B.
DSP Report: operator p_0_out is absorbed into DSP p_0_out.
DSP Report: operator p_0_out is absorbed into DSP p_0_out.
DSP Report: Generating DSP p_0_out, operation Mode is: A*B.
DSP Report: operator p_0_out is absorbed into DSP p_0_out.
DSP Report: operator p_0_out is absorbed into DSP p_0_out.
DSP Report: Generating DSP p_0_out, operation Mode is: (PCIN>>17)+A*B.
DSP Report: operator p_0_out is absorbed into DSP p_0_out.
DSP Report: operator p_0_out is absorbed into DSP p_0_out.
DSP Report: Generating DSP p_0_out, operation Mode is: A*B.
DSP Report: operator p_0_out is absorbed into DSP p_0_out.
DSP Report: operator p_0_out is absorbed into DSP p_0_out.
DSP Report: Generating DSP p_0_out, operation Mode is: (PCIN>>17)+A*B.
DSP Report: operator p_0_out is absorbed into DSP p_0_out.
DSP Report: operator p_0_out is absorbed into DSP p_0_out.
DSP Report: Generating DSP p_0_out, operation Mode is: A*B.
DSP Report: operator p_0_out is absorbed into DSP p_0_out.
DSP Report: operator p_0_out is absorbed into DSP p_0_out.
DSP Report: Generating DSP p_0_out, operation Mode is: (PCIN>>17)+A*B.
DSP Report: operator p_0_out is absorbed into DSP p_0_out.
DSP Report: operator p_0_out is absorbed into DSP p_0_out.
DSP Report: Generating DSP p_0_out, operation Mode is: A*B.
DSP Report: operator p_0_out is absorbed into DSP p_0_out.
DSP Report: operator p_0_out is absorbed into DSP p_0_out.
DSP Report: Generating DSP p_0_out, operation Mode is: (PCIN>>17)+A*B.
DSP Report: operator p_0_out is absorbed into DSP p_0_out.
DSP Report: operator p_0_out is absorbed into DSP p_0_out.
DSP Report: Generating DSP p_0_out, operation Mode is: A*B.
DSP Report: operator p_0_out is absorbed into DSP p_0_out.
DSP Report: operator p_0_out is absorbed into DSP p_0_out.
DSP Report: Generating DSP p_0_out, operation Mode is: (PCIN>>17)+A*B.
DSP Report: operator p_0_out is absorbed into DSP p_0_out.
DSP Report: operator p_0_out is absorbed into DSP p_0_out.
DSP Report: Generating DSP p_0_out, operation Mode is: A*B.
DSP Report: operator p_0_out is absorbed into DSP p_0_out.
DSP Report: operator p_0_out is absorbed into DSP p_0_out.
DSP Report: Generating DSP p_0_out, operation Mode is: (PCIN>>17)+A*B.
DSP Report: operator p_0_out is absorbed into DSP p_0_out.
DSP Report: operator p_0_out is absorbed into DSP p_0_out.
DSP Report: Generating DSP p_0_out, operation Mode is: A*B.
DSP Report: operator p_0_out is absorbed into DSP p_0_out.
DSP Report: operator p_0_out is absorbed into DSP p_0_out.
DSP Report: Generating DSP p_0_out, operation Mode is: (PCIN>>17)+A*B.
DSP Report: operator p_0_out is absorbed into DSP p_0_out.
DSP Report: operator p_0_out is absorbed into DSP p_0_out.
DSP Report: Generating DSP p_0_out, operation Mode is: A*B.
DSP Report: operator p_0_out is absorbed into DSP p_0_out.
DSP Report: operator p_0_out is absorbed into DSP p_0_out.
DSP Report: Generating DSP p_0_out, operation Mode is: (PCIN>>17)+A*B.
DSP Report: operator p_0_out is absorbed into DSP p_0_out.
DSP Report: operator p_0_out is absorbed into DSP p_0_out.
DSP Report: Generating DSP data_out1, operation Mode is: A*B.
DSP Report: operator data_out1 is absorbed into DSP data_out1.
DSP Report: operator data_out1 is absorbed into DSP data_out1.
DSP Report: Generating DSP data_out1, operation Mode is: (PCIN>>17)+A*B.
DSP Report: operator data_out1 is absorbed into DSP data_out1.
DSP Report: operator data_out1 is absorbed into DSP data_out1.
DSP Report: Generating DSP p_0_out, operation Mode is: A*B.
DSP Report: operator p_0_out is absorbed into DSP p_0_out.
DSP Report: operator p_0_out is absorbed into DSP p_0_out.
DSP Report: Generating DSP running_sums_reg[13], operation Mode is: (PCIN>>17)+A*B.
DSP Report: register running_sums_reg[13] is absorbed into DSP running_sums_reg[13].
DSP Report: operator p_0_out is absorbed into DSP running_sums_reg[13].
DSP Report: operator p_0_out is absorbed into DSP running_sums_reg[13].
DSP Report: Generating DSP p_0_out, operation Mode is: A*B.
DSP Report: operator p_0_out is absorbed into DSP p_0_out.
DSP Report: operator p_0_out is absorbed into DSP p_0_out.
DSP Report: Generating DSP p_0_out, operation Mode is: (PCIN>>17)+A*B.
DSP Report: operator p_0_out is absorbed into DSP p_0_out.
DSP Report: operator p_0_out is absorbed into DSP p_0_out.
DSP Report: Generating DSP p_0_out, operation Mode is: A*B.
DSP Report: operator p_0_out is absorbed into DSP p_0_out.
DSP Report: operator p_0_out is absorbed into DSP p_0_out.
DSP Report: Generating DSP p_0_out, operation Mode is: (PCIN>>17)+A*B.
DSP Report: operator p_0_out is absorbed into DSP p_0_out.
DSP Report: operator p_0_out is absorbed into DSP p_0_out.
DSP Report: Generating DSP p_0_out, operation Mode is: A*B.
DSP Report: operator p_0_out is absorbed into DSP p_0_out.
DSP Report: operator p_0_out is absorbed into DSP p_0_out.
DSP Report: Generating DSP p_0_out, operation Mode is: (PCIN>>17)+A*B.
DSP Report: operator p_0_out is absorbed into DSP p_0_out.
DSP Report: operator p_0_out is absorbed into DSP p_0_out.
DSP Report: Generating DSP p_0_out, operation Mode is: A*B.
DSP Report: operator p_0_out is absorbed into DSP p_0_out.
DSP Report: operator p_0_out is absorbed into DSP p_0_out.
DSP Report: Generating DSP p_0_out, operation Mode is: (PCIN>>17)+A*B.
DSP Report: operator p_0_out is absorbed into DSP p_0_out.
DSP Report: operator p_0_out is absorbed into DSP p_0_out.
DSP Report: Generating DSP p_0_out, operation Mode is: A*B.
DSP Report: operator p_0_out is absorbed into DSP p_0_out.
DSP Report: operator p_0_out is absorbed into DSP p_0_out.
DSP Report: Generating DSP p_0_out, operation Mode is: (PCIN>>17)+A*B.
DSP Report: operator p_0_out is absorbed into DSP p_0_out.
DSP Report: operator p_0_out is absorbed into DSP p_0_out.
DSP Report: Generating DSP p_0_out, operation Mode is: A*B.
DSP Report: operator p_0_out is absorbed into DSP p_0_out.
DSP Report: operator p_0_out is absorbed into DSP p_0_out.
DSP Report: Generating DSP p_0_out, operation Mode is: (PCIN>>17)+A*B.
DSP Report: operator p_0_out is absorbed into DSP p_0_out.
DSP Report: operator p_0_out is absorbed into DSP p_0_out.
DSP Report: Generating DSP p_0_out, operation Mode is: A*B.
DSP Report: operator p_0_out is absorbed into DSP p_0_out.
DSP Report: operator p_0_out is absorbed into DSP p_0_out.
DSP Report: Generating DSP p_0_out, operation Mode is: (PCIN>>17)+A*B.
DSP Report: operator p_0_out is absorbed into DSP p_0_out.
DSP Report: operator p_0_out is absorbed into DSP p_0_out.
DSP Report: Generating DSP p_0_out, operation Mode is: A*B.
DSP Report: operator p_0_out is absorbed into DSP p_0_out.
DSP Report: operator p_0_out is absorbed into DSP p_0_out.
DSP Report: Generating DSP p_0_out, operation Mode is: (PCIN>>17)+A*B.
DSP Report: operator p_0_out is absorbed into DSP p_0_out.
DSP Report: operator p_0_out is absorbed into DSP p_0_out.
DSP Report: Generating DSP p_0_out, operation Mode is: A*B.
DSP Report: operator p_0_out is absorbed into DSP p_0_out.
DSP Report: operator p_0_out is absorbed into DSP p_0_out.
DSP Report: Generating DSP p_0_out, operation Mode is: (PCIN>>17)+A*B.
DSP Report: operator p_0_out is absorbed into DSP p_0_out.
DSP Report: operator p_0_out is absorbed into DSP p_0_out.
DSP Report: Generating DSP p_0_out, operation Mode is: A*B.
DSP Report: operator p_0_out is absorbed into DSP p_0_out.
DSP Report: operator p_0_out is absorbed into DSP p_0_out.
DSP Report: Generating DSP p_0_out, operation Mode is: (PCIN>>17)+A*B.
DSP Report: operator p_0_out is absorbed into DSP p_0_out.
DSP Report: operator p_0_out is absorbed into DSP p_0_out.
DSP Report: Generating DSP p_0_out, operation Mode is: A*B.
DSP Report: operator p_0_out is absorbed into DSP p_0_out.
DSP Report: operator p_0_out is absorbed into DSP p_0_out.
DSP Report: Generating DSP p_0_out, operation Mode is: (PCIN>>17)+A*B.
DSP Report: operator p_0_out is absorbed into DSP p_0_out.
DSP Report: operator p_0_out is absorbed into DSP p_0_out.
DSP Report: Generating DSP p_0_out, operation Mode is: A*B.
DSP Report: operator p_0_out is absorbed into DSP p_0_out.
DSP Report: operator p_0_out is absorbed into DSP p_0_out.
DSP Report: Generating DSP p_0_out, operation Mode is: (PCIN>>17)+A*B.
DSP Report: operator p_0_out is absorbed into DSP p_0_out.
DSP Report: operator p_0_out is absorbed into DSP p_0_out.
DSP Report: Generating DSP p_0_out, operation Mode is: A*B.
DSP Report: operator p_0_out is absorbed into DSP p_0_out.
DSP Report: operator p_0_out is absorbed into DSP p_0_out.
DSP Report: Generating DSP p_0_out, operation Mode is: (PCIN>>17)+A*B.
DSP Report: operator p_0_out is absorbed into DSP p_0_out.
DSP Report: operator p_0_out is absorbed into DSP p_0_out.
DSP Report: Generating DSP data_out1, operation Mode is: A*B.
DSP Report: operator data_out1 is absorbed into DSP data_out1.
DSP Report: operator data_out1 is absorbed into DSP data_out1.
DSP Report: Generating DSP data_out1, operation Mode is: (PCIN>>17)+A*B.
DSP Report: operator data_out1 is absorbed into DSP data_out1.
DSP Report: operator data_out1 is absorbed into DSP data_out1.
DSP Report: Generating DSP p_0_out, operation Mode is: A*B.
DSP Report: operator p_0_out is absorbed into DSP p_0_out.
DSP Report: operator p_0_out is absorbed into DSP p_0_out.
DSP Report: Generating DSP running_sums_reg[13], operation Mode is: (PCIN>>17)+A*B.
DSP Report: register running_sums_reg[13] is absorbed into DSP running_sums_reg[13].
DSP Report: operator p_0_out is absorbed into DSP running_sums_reg[13].
DSP Report: operator p_0_out is absorbed into DSP running_sums_reg[13].
DSP Report: Generating DSP p_0_out, operation Mode is: A*B.
DSP Report: operator p_0_out is absorbed into DSP p_0_out.
DSP Report: operator p_0_out is absorbed into DSP p_0_out.
DSP Report: Generating DSP p_0_out, operation Mode is: (PCIN>>17)+A*B.
DSP Report: operator p_0_out is absorbed into DSP p_0_out.
DSP Report: operator p_0_out is absorbed into DSP p_0_out.
DSP Report: Generating DSP p_0_out, operation Mode is: A*B.
DSP Report: operator p_0_out is absorbed into DSP p_0_out.
DSP Report: operator p_0_out is absorbed into DSP p_0_out.
DSP Report: Generating DSP p_0_out, operation Mode is: (PCIN>>17)+A*B.
DSP Report: operator p_0_out is absorbed into DSP p_0_out.
DSP Report: operator p_0_out is absorbed into DSP p_0_out.
DSP Report: Generating DSP p_0_out, operation Mode is: A*B.
DSP Report: operator p_0_out is absorbed into DSP p_0_out.
DSP Report: operator p_0_out is absorbed into DSP p_0_out.
DSP Report: Generating DSP p_0_out, operation Mode is: (PCIN>>17)+A*B.
DSP Report: operator p_0_out is absorbed into DSP p_0_out.
DSP Report: operator p_0_out is absorbed into DSP p_0_out.
DSP Report: Generating DSP p_0_out, operation Mode is: A*B.
DSP Report: operator p_0_out is absorbed into DSP p_0_out.
DSP Report: operator p_0_out is absorbed into DSP p_0_out.
DSP Report: Generating DSP p_0_out, operation Mode is: (PCIN>>17)+A*B.
DSP Report: operator p_0_out is absorbed into DSP p_0_out.
DSP Report: operator p_0_out is absorbed into DSP p_0_out.
DSP Report: Generating DSP p_0_out, operation Mode is: A*B.
DSP Report: operator p_0_out is absorbed into DSP p_0_out.
DSP Report: operator p_0_out is absorbed into DSP p_0_out.
DSP Report: Generating DSP p_0_out, operation Mode is: (PCIN>>17)+A*B.
DSP Report: operator p_0_out is absorbed into DSP p_0_out.
DSP Report: operator p_0_out is absorbed into DSP p_0_out.
DSP Report: Generating DSP p_0_out, operation Mode is: A*B.
DSP Report: operator p_0_out is absorbed into DSP p_0_out.
DSP Report: operator p_0_out is absorbed into DSP p_0_out.
DSP Report: Generating DSP p_0_out, operation Mode is: (PCIN>>17)+A*B.
DSP Report: operator p_0_out is absorbed into DSP p_0_out.
DSP Report: operator p_0_out is absorbed into DSP p_0_out.
DSP Report: Generating DSP p_0_out, operation Mode is: A*B.
DSP Report: operator p_0_out is absorbed into DSP p_0_out.
DSP Report: operator p_0_out is absorbed into DSP p_0_out.
DSP Report: Generating DSP p_0_out, operation Mode is: (PCIN>>17)+A*B.
DSP Report: operator p_0_out is absorbed into DSP p_0_out.
DSP Report: operator p_0_out is absorbed into DSP p_0_out.
DSP Report: Generating DSP p_0_out, operation Mode is: A*B.
DSP Report: operator p_0_out is absorbed into DSP p_0_out.
DSP Report: operator p_0_out is absorbed into DSP p_0_out.
DSP Report: Generating DSP p_0_out, operation Mode is: (PCIN>>17)+A*B.
DSP Report: operator p_0_out is absorbed into DSP p_0_out.
DSP Report: operator p_0_out is absorbed into DSP p_0_out.
DSP Report: Generating DSP p_0_out, operation Mode is: A*B.
DSP Report: operator p_0_out is absorbed into DSP p_0_out.
DSP Report: operator p_0_out is absorbed into DSP p_0_out.
DSP Report: Generating DSP p_0_out, operation Mode is: (PCIN>>17)+A*B.
DSP Report: operator p_0_out is absorbed into DSP p_0_out.
DSP Report: operator p_0_out is absorbed into DSP p_0_out.
DSP Report: Generating DSP p_0_out, operation Mode is: A*B.
DSP Report: operator p_0_out is absorbed into DSP p_0_out.
DSP Report: operator p_0_out is absorbed into DSP p_0_out.
DSP Report: Generating DSP p_0_out, operation Mode is: (PCIN>>17)+A*B.
DSP Report: operator p_0_out is absorbed into DSP p_0_out.
DSP Report: operator p_0_out is absorbed into DSP p_0_out.
DSP Report: Generating DSP p_0_out, operation Mode is: A*B.
DSP Report: operator p_0_out is absorbed into DSP p_0_out.
DSP Report: operator p_0_out is absorbed into DSP p_0_out.
DSP Report: Generating DSP p_0_out, operation Mode is: (PCIN>>17)+A*B.
DSP Report: operator p_0_out is absorbed into DSP p_0_out.
DSP Report: operator p_0_out is absorbed into DSP p_0_out.
DSP Report: Generating DSP p_0_out, operation Mode is: A*B.
DSP Report: operator p_0_out is absorbed into DSP p_0_out.
DSP Report: operator p_0_out is absorbed into DSP p_0_out.
DSP Report: Generating DSP p_0_out, operation Mode is: (PCIN>>17)+A*B.
DSP Report: operator p_0_out is absorbed into DSP p_0_out.
DSP Report: operator p_0_out is absorbed into DSP p_0_out.
DSP Report: Generating DSP p_0_out, operation Mode is: A*B.
DSP Report: operator p_0_out is absorbed into DSP p_0_out.
DSP Report: operator p_0_out is absorbed into DSP p_0_out.
DSP Report: Generating DSP p_0_out, operation Mode is: (PCIN>>17)+A*B.
DSP Report: operator p_0_out is absorbed into DSP p_0_out.
DSP Report: operator p_0_out is absorbed into DSP p_0_out.
DSP Report: Generating DSP data_out1, operation Mode is: A*B.
DSP Report: operator data_out1 is absorbed into DSP data_out1.
DSP Report: operator data_out1 is absorbed into DSP data_out1.
DSP Report: Generating DSP data_out1, operation Mode is: (PCIN>>17)+A*B.
DSP Report: operator data_out1 is absorbed into DSP data_out1.
DSP Report: operator data_out1 is absorbed into DSP data_out1.
WARNING: [Synth 8-7129] Port btns[3] in module fir_wrapper is either unconnected or has no load
INFO: [Synth 8-3332] Sequential element (inst/genblk1[0].nolabel_line89/running_sums_reg[13][47]) is unused and will be removed from module design_1_fir_wrapper_0_0.
INFO: [Synth 8-3332] Sequential element (inst/genblk1[0].nolabel_line89/running_sums_reg[13][46]) is unused and will be removed from module design_1_fir_wrapper_0_0.
INFO: [Synth 8-3332] Sequential element (inst/genblk1[0].nolabel_line89/running_sums_reg[13][45]) is unused and will be removed from module design_1_fir_wrapper_0_0.
INFO: [Synth 8-3332] Sequential element (inst/genblk1[0].nolabel_line89/running_sums_reg[13][44]) is unused and will be removed from module design_1_fir_wrapper_0_0.
INFO: [Synth 8-3332] Sequential element (inst/genblk1[0].nolabel_line89/running_sums_reg[13][43]) is unused and will be removed from module design_1_fir_wrapper_0_0.
INFO: [Synth 8-3332] Sequential element (inst/genblk1[0].nolabel_line89/running_sums_reg[13][42]) is unused and will be removed from module design_1_fir_wrapper_0_0.
INFO: [Synth 8-3332] Sequential element (inst/genblk1[0].nolabel_line89/running_sums_reg[13][41]) is unused and will be removed from module design_1_fir_wrapper_0_0.
INFO: [Synth 8-3332] Sequential element (inst/genblk1[0].nolabel_line89/running_sums_reg[13][40]) is unused and will be removed from module design_1_fir_wrapper_0_0.
INFO: [Synth 8-3332] Sequential element (inst/genblk1[0].nolabel_line89/running_sums_reg[13][39]) is unused and will be removed from module design_1_fir_wrapper_0_0.
INFO: [Synth 8-3332] Sequential element (inst/genblk1[0].nolabel_line89/running_sums_reg[13][38]) is unused and will be removed from module design_1_fir_wrapper_0_0.
INFO: [Synth 8-3332] Sequential element (inst/genblk1[0].nolabel_line89/running_sums_reg[13][37]) is unused and will be removed from module design_1_fir_wrapper_0_0.
INFO: [Synth 8-3332] Sequential element (inst/genblk1[0].nolabel_line89/running_sums_reg[13][36]) is unused and will be removed from module design_1_fir_wrapper_0_0.
INFO: [Synth 8-3332] Sequential element (inst/genblk1[0].nolabel_line89/running_sums_reg[13][35]) is unused and will be removed from module design_1_fir_wrapper_0_0.
INFO: [Synth 8-3332] Sequential element (inst/genblk1[0].nolabel_line89/running_sums_reg[13][34]) is unused and will be removed from module design_1_fir_wrapper_0_0.
INFO: [Synth 8-3332] Sequential element (inst/genblk1[0].nolabel_line89/running_sums_reg[13][33]) is unused and will be removed from module design_1_fir_wrapper_0_0.
INFO: [Synth 8-3332] Sequential element (inst/genblk1[0].nolabel_line89/running_sums_reg[13][32]) is unused and will be removed from module design_1_fir_wrapper_0_0.
INFO: [Synth 8-3332] Sequential element (inst/genblk1[0].nolabel_line89/running_sums_reg[13][31]) is unused and will be removed from module design_1_fir_wrapper_0_0.
INFO: [Synth 8-3332] Sequential element (inst/genblk1[0].nolabel_line89/running_sums_reg[13][30]) is unused and will be removed from module design_1_fir_wrapper_0_0.
INFO: [Synth 8-3332] Sequential element (inst/genblk1[0].nolabel_line89/running_sums_reg[13][29]) is unused and will be removed from module design_1_fir_wrapper_0_0.
INFO: [Synth 8-3332] Sequential element (inst/genblk1[0].nolabel_line89/running_sums_reg[13][28]) is unused and will be removed from module design_1_fir_wrapper_0_0.
INFO: [Synth 8-3332] Sequential element (inst/genblk1[0].nolabel_line89/running_sums_reg[13][27]) is unused and will be removed from module design_1_fir_wrapper_0_0.
INFO: [Synth 8-3332] Sequential element (inst/genblk1[0].nolabel_line89/running_sums_reg[13][26]) is unused and will be removed from module design_1_fir_wrapper_0_0.
INFO: [Synth 8-3332] Sequential element (inst/genblk1[0].nolabel_line89/running_sums_reg[13][25]) is unused and will be removed from module design_1_fir_wrapper_0_0.
INFO: [Synth 8-3332] Sequential element (inst/genblk1[0].nolabel_line89/running_sums_reg[13][24]) is unused and will be removed from module design_1_fir_wrapper_0_0.
INFO: [Synth 8-3332] Sequential element (inst/genblk1[0].nolabel_line89/running_sums_reg[13][23]) is unused and will be removed from module design_1_fir_wrapper_0_0.
INFO: [Synth 8-3332] Sequential element (inst/genblk1[0].nolabel_line89/running_sums_reg[13][22]) is unused and will be removed from module design_1_fir_wrapper_0_0.
INFO: [Synth 8-3332] Sequential element (inst/genblk1[0].nolabel_line89/running_sums_reg[13][21]) is unused and will be removed from module design_1_fir_wrapper_0_0.
INFO: [Synth 8-3332] Sequential element (inst/genblk1[0].nolabel_line89/running_sums_reg[13][20]) is unused and will be removed from module design_1_fir_wrapper_0_0.
INFO: [Synth 8-3332] Sequential element (inst/genblk1[0].nolabel_line89/running_sums_reg[13][19]) is unused and will be removed from module design_1_fir_wrapper_0_0.
INFO: [Synth 8-3332] Sequential element (inst/genblk1[0].nolabel_line89/running_sums_reg[13][18]) is unused and will be removed from module design_1_fir_wrapper_0_0.
INFO: [Synth 8-3332] Sequential element (inst/genblk1[0].nolabel_line89/running_sums_reg[13][17]) is unused and will be removed from module design_1_fir_wrapper_0_0.
INFO: [Synth 8-3332] Sequential element (inst/genblk1[1].nolabel_line89/running_sums_reg[13][47]) is unused and will be removed from module design_1_fir_wrapper_0_0.
INFO: [Synth 8-3332] Sequential element (inst/genblk1[1].nolabel_line89/running_sums_reg[13][46]) is unused and will be removed from module design_1_fir_wrapper_0_0.
INFO: [Synth 8-3332] Sequential element (inst/genblk1[1].nolabel_line89/running_sums_reg[13][45]) is unused and will be removed from module design_1_fir_wrapper_0_0.
INFO: [Synth 8-3332] Sequential element (inst/genblk1[1].nolabel_line89/running_sums_reg[13][44]) is unused and will be removed from module design_1_fir_wrapper_0_0.
INFO: [Synth 8-3332] Sequential element (inst/genblk1[1].nolabel_line89/running_sums_reg[13][43]) is unused and will be removed from module design_1_fir_wrapper_0_0.
INFO: [Synth 8-3332] Sequential element (inst/genblk1[1].nolabel_line89/running_sums_reg[13][42]) is unused and will be removed from module design_1_fir_wrapper_0_0.
INFO: [Synth 8-3332] Sequential element (inst/genblk1[1].nolabel_line89/running_sums_reg[13][41]) is unused and will be removed from module design_1_fir_wrapper_0_0.
INFO: [Synth 8-3332] Sequential element (inst/genblk1[1].nolabel_line89/running_sums_reg[13][40]) is unused and will be removed from module design_1_fir_wrapper_0_0.
INFO: [Synth 8-3332] Sequential element (inst/genblk1[1].nolabel_line89/running_sums_reg[13][39]) is unused and will be removed from module design_1_fir_wrapper_0_0.
INFO: [Synth 8-3332] Sequential element (inst/genblk1[1].nolabel_line89/running_sums_reg[13][38]) is unused and will be removed from module design_1_fir_wrapper_0_0.
INFO: [Synth 8-3332] Sequential element (inst/genblk1[1].nolabel_line89/running_sums_reg[13][37]) is unused and will be removed from module design_1_fir_wrapper_0_0.
INFO: [Synth 8-3332] Sequential element (inst/genblk1[1].nolabel_line89/running_sums_reg[13][36]) is unused and will be removed from module design_1_fir_wrapper_0_0.
INFO: [Synth 8-3332] Sequential element (inst/genblk1[1].nolabel_line89/running_sums_reg[13][35]) is unused and will be removed from module design_1_fir_wrapper_0_0.
INFO: [Synth 8-3332] Sequential element (inst/genblk1[1].nolabel_line89/running_sums_reg[13][34]) is unused and will be removed from module design_1_fir_wrapper_0_0.
INFO: [Synth 8-3332] Sequential element (inst/genblk1[1].nolabel_line89/running_sums_reg[13][33]) is unused and will be removed from module design_1_fir_wrapper_0_0.
INFO: [Synth 8-3332] Sequential element (inst/genblk1[1].nolabel_line89/running_sums_reg[13][32]) is unused and will be removed from module design_1_fir_wrapper_0_0.
INFO: [Synth 8-3332] Sequential element (inst/genblk1[1].nolabel_line89/running_sums_reg[13][31]) is unused and will be removed from module design_1_fir_wrapper_0_0.
INFO: [Synth 8-3332] Sequential element (inst/genblk1[1].nolabel_line89/running_sums_reg[13][30]) is unused and will be removed from module design_1_fir_wrapper_0_0.
INFO: [Synth 8-3332] Sequential element (inst/genblk1[1].nolabel_line89/running_sums_reg[13][29]) is unused and will be removed from module design_1_fir_wrapper_0_0.
INFO: [Synth 8-3332] Sequential element (inst/genblk1[1].nolabel_line89/running_sums_reg[13][28]) is unused and will be removed from module design_1_fir_wrapper_0_0.
INFO: [Synth 8-3332] Sequential element (inst/genblk1[1].nolabel_line89/running_sums_reg[13][27]) is unused and will be removed from module design_1_fir_wrapper_0_0.
INFO: [Synth 8-3332] Sequential element (inst/genblk1[1].nolabel_line89/running_sums_reg[13][26]) is unused and will be removed from module design_1_fir_wrapper_0_0.
INFO: [Synth 8-3332] Sequential element (inst/genblk1[1].nolabel_line89/running_sums_reg[13][25]) is unused and will be removed from module design_1_fir_wrapper_0_0.
INFO: [Synth 8-3332] Sequential element (inst/genblk1[1].nolabel_line89/running_sums_reg[13][24]) is unused and will be removed from module design_1_fir_wrapper_0_0.
INFO: [Synth 8-3332] Sequential element (inst/genblk1[1].nolabel_line89/running_sums_reg[13][23]) is unused and will be removed from module design_1_fir_wrapper_0_0.
INFO: [Synth 8-3332] Sequential element (inst/genblk1[1].nolabel_line89/running_sums_reg[13][22]) is unused and will be removed from module design_1_fir_wrapper_0_0.
INFO: [Synth 8-3332] Sequential element (inst/genblk1[1].nolabel_line89/running_sums_reg[13][21]) is unused and will be removed from module design_1_fir_wrapper_0_0.
INFO: [Synth 8-3332] Sequential element (inst/genblk1[1].nolabel_line89/running_sums_reg[13][20]) is unused and will be removed from module design_1_fir_wrapper_0_0.
INFO: [Synth 8-3332] Sequential element (inst/genblk1[1].nolabel_line89/running_sums_reg[13][19]) is unused and will be removed from module design_1_fir_wrapper_0_0.
INFO: [Synth 8-3332] Sequential element (inst/genblk1[1].nolabel_line89/running_sums_reg[13][18]) is unused and will be removed from module design_1_fir_wrapper_0_0.
INFO: [Synth 8-3332] Sequential element (inst/genblk1[1].nolabel_line89/running_sums_reg[13][17]) is unused and will be removed from module design_1_fir_wrapper_0_0.
INFO: [Synth 8-3332] Sequential element (inst/genblk1[2].nolabel_line89/running_sums_reg[13][47]) is unused and will be removed from module design_1_fir_wrapper_0_0.
INFO: [Synth 8-3332] Sequential element (inst/genblk1[2].nolabel_line89/running_sums_reg[13][46]) is unused and will be removed from module design_1_fir_wrapper_0_0.
INFO: [Synth 8-3332] Sequential element (inst/genblk1[2].nolabel_line89/running_sums_reg[13][45]) is unused and will be removed from module design_1_fir_wrapper_0_0.
INFO: [Synth 8-3332] Sequential element (inst/genblk1[2].nolabel_line89/running_sums_reg[13][44]) is unused and will be removed from module design_1_fir_wrapper_0_0.
INFO: [Synth 8-3332] Sequential element (inst/genblk1[2].nolabel_line89/running_sums_reg[13][43]) is unused and will be removed from module design_1_fir_wrapper_0_0.
INFO: [Synth 8-3332] Sequential element (inst/genblk1[2].nolabel_line89/running_sums_reg[13][42]) is unused and will be removed from module design_1_fir_wrapper_0_0.
INFO: [Synth 8-3332] Sequential element (inst/genblk1[2].nolabel_line89/running_sums_reg[13][41]) is unused and will be removed from module design_1_fir_wrapper_0_0.
INFO: [Synth 8-3332] Sequential element (inst/genblk1[2].nolabel_line89/running_sums_reg[13][40]) is unused and will be removed from module design_1_fir_wrapper_0_0.
INFO: [Synth 8-3332] Sequential element (inst/genblk1[2].nolabel_line89/running_sums_reg[13][39]) is unused and will be removed from module design_1_fir_wrapper_0_0.
INFO: [Synth 8-3332] Sequential element (inst/genblk1[2].nolabel_line89/running_sums_reg[13][38]) is unused and will be removed from module design_1_fir_wrapper_0_0.
INFO: [Synth 8-3332] Sequential element (inst/genblk1[2].nolabel_line89/running_sums_reg[13][37]) is unused and will be removed from module design_1_fir_wrapper_0_0.
INFO: [Synth 8-3332] Sequential element (inst/genblk1[2].nolabel_line89/running_sums_reg[13][36]) is unused and will be removed from module design_1_fir_wrapper_0_0.
INFO: [Synth 8-3332] Sequential element (inst/genblk1[2].nolabel_line89/running_sums_reg[13][35]) is unused and will be removed from module design_1_fir_wrapper_0_0.
INFO: [Synth 8-3332] Sequential element (inst/genblk1[2].nolabel_line89/running_sums_reg[13][34]) is unused and will be removed from module design_1_fir_wrapper_0_0.
INFO: [Synth 8-3332] Sequential element (inst/genblk1[2].nolabel_line89/running_sums_reg[13][33]) is unused and will be removed from module design_1_fir_wrapper_0_0.
INFO: [Synth 8-3332] Sequential element (inst/genblk1[2].nolabel_line89/running_sums_reg[13][32]) is unused and will be removed from module design_1_fir_wrapper_0_0.
INFO: [Synth 8-3332] Sequential element (inst/genblk1[2].nolabel_line89/running_sums_reg[13][31]) is unused and will be removed from module design_1_fir_wrapper_0_0.
INFO: [Synth 8-3332] Sequential element (inst/genblk1[2].nolabel_line89/running_sums_reg[13][30]) is unused and will be removed from module design_1_fir_wrapper_0_0.
INFO: [Synth 8-3332] Sequential element (inst/genblk1[2].nolabel_line89/running_sums_reg[13][29]) is unused and will be removed from module design_1_fir_wrapper_0_0.
INFO: [Synth 8-3332] Sequential element (inst/genblk1[2].nolabel_line89/running_sums_reg[13][28]) is unused and will be removed from module design_1_fir_wrapper_0_0.
INFO: [Synth 8-3332] Sequential element (inst/genblk1[2].nolabel_line89/running_sums_reg[13][27]) is unused and will be removed from module design_1_fir_wrapper_0_0.
INFO: [Synth 8-3332] Sequential element (inst/genblk1[2].nolabel_line89/running_sums_reg[13][26]) is unused and will be removed from module design_1_fir_wrapper_0_0.
INFO: [Synth 8-3332] Sequential element (inst/genblk1[2].nolabel_line89/running_sums_reg[13][25]) is unused and will be removed from module design_1_fir_wrapper_0_0.
INFO: [Synth 8-3332] Sequential element (inst/genblk1[2].nolabel_line89/running_sums_reg[13][24]) is unused and will be removed from module design_1_fir_wrapper_0_0.
INFO: [Synth 8-3332] Sequential element (inst/genblk1[2].nolabel_line89/running_sums_reg[13][23]) is unused and will be removed from module design_1_fir_wrapper_0_0.
INFO: [Synth 8-3332] Sequential element (inst/genblk1[2].nolabel_line89/running_sums_reg[13][22]) is unused and will be removed from module design_1_fir_wrapper_0_0.
INFO: [Synth 8-3332] Sequential element (inst/genblk1[2].nolabel_line89/running_sums_reg[13][21]) is unused and will be removed from module design_1_fir_wrapper_0_0.
INFO: [Synth 8-3332] Sequential element (inst/genblk1[2].nolabel_line89/running_sums_reg[13][20]) is unused and will be removed from module design_1_fir_wrapper_0_0.
INFO: [Synth 8-3332] Sequential element (inst/genblk1[2].nolabel_line89/running_sums_reg[13][19]) is unused and will be removed from module design_1_fir_wrapper_0_0.
INFO: [Synth 8-3332] Sequential element (inst/genblk1[2].nolabel_line89/running_sums_reg[13][18]) is unused and will be removed from module design_1_fir_wrapper_0_0.
INFO: [Synth 8-3332] Sequential element (inst/genblk1[2].nolabel_line89/running_sums_reg[13][17]) is unused and will be removed from module design_1_fir_wrapper_0_0.
---------------------------------------------------------------------------------
Finished Cross Boundary and Area Optimization : Time (s): cpu = 00:00:12 ; elapsed = 00:00:12 . Memory (MB): peak = 2410.336 ; gain = 673.320 ; free physical = 7633 ; free virtual = 21781
---------------------------------------------------------------------------------
 Sort Area is  p_0_out_10 : 0 0 : 1424 2831 : Used 1 time 0
 Sort Area is  p_0_out_10 : 0 1 : 1407 2831 : Used 1 time 0
 Sort Area is  p_0_out_21 : 0 0 : 1424 2831 : Used 1 time 0
 Sort Area is  p_0_out_21 : 0 1 : 1407 2831 : Used 1 time 0
 Sort Area is  p_0_out_30 : 0 0 : 1424 2831 : Used 1 time 0
 Sort Area is  p_0_out_30 : 0 1 : 1407 2831 : Used 1 time 0
 Sort Area is  data_out1_0 : 0 0 : 1424 2783 : Used 1 time 0
 Sort Area is  data_out1_0 : 0 1 : 1359 2783 : Used 1 time 0
 Sort Area is  p_0_out_3 : 0 0 : 1424 2783 : Used 1 time 0
 Sort Area is  p_0_out_3 : 0 1 : 1359 2783 : Used 1 time 0
 Sort Area is  p_0_out_4 : 0 0 : 1424 2783 : Used 1 time 0
 Sort Area is  p_0_out_4 : 0 1 : 1359 2783 : Used 1 time 0
 Sort Area is  p_0_out_5 : 0 0 : 1424 2783 : Used 1 time 0
 Sort Area is  p_0_out_5 : 0 1 : 1359 2783 : Used 1 time 0
 Sort Area is  p_0_out_6 : 0 0 : 1424 2783 : Used 1 time 0
 Sort Area is  p_0_out_6 : 0 1 : 1359 2783 : Used 1 time 0
 Sort Area is  p_0_out_7 : 0 0 : 1424 2783 : Used 1 time 0
 Sort Area is  p_0_out_7 : 0 1 : 1359 2783 : Used 1 time 0
 Sort Area is  p_0_out_8 : 0 0 : 1424 2783 : Used 1 time 0
 Sort Area is  p_0_out_8 : 0 1 : 1359 2783 : Used 1 time 0
 Sort Area is  p_0_out_9 : 0 0 : 1424 2783 : Used 1 time 0
 Sort Area is  p_0_out_9 : 0 1 : 1359 2783 : Used 1 time 0
 Sort Area is  p_0_out_a : 0 0 : 1424 2783 : Used 1 time 0
 Sort Area is  p_0_out_a : 0 1 : 1359 2783 : Used 1 time 0
 Sort Area is  p_0_out_b : 0 0 : 1424 2783 : Used 1 time 0
 Sort Area is  p_0_out_b : 0 1 : 1359 2783 : Used 1 time 0
 Sort Area is  p_0_out_c : 0 0 : 1424 2783 : Used 1 time 0
 Sort Area is  p_0_out_c : 0 1 : 1359 2783 : Used 1 time 0
 Sort Area is  p_0_out_d : 0 0 : 1424 2783 : Used 1 time 0
 Sort Area is  p_0_out_d : 0 1 : 1359 2783 : Used 1 time 0
 Sort Area is  p_0_out_e : 0 0 : 1424 2783 : Used 1 time 0
 Sort Area is  p_0_out_e : 0 1 : 1359 2783 : Used 1 time 0
 Sort Area is  p_0_out_f : 0 0 : 1424 2783 : Used 1 time 0
 Sort Area is  p_0_out_f : 0 1 : 1359 2783 : Used 1 time 0
 Sort Area is  data_out1_12 : 0 0 : 1424 2240 : Used 1 time 0
 Sort Area is  data_out1_12 : 0 1 : 816 2240 : Used 1 time 0
 Sort Area is  data_out1_22 : 0 0 : 1424 2240 : Used 1 time 0
 Sort Area is  data_out1_22 : 0 1 : 816 2240 : Used 1 time 0
 Sort Area is  p_0_out_14 : 0 0 : 1424 2240 : Used 1 time 0
 Sort Area is  p_0_out_14 : 0 1 : 816 2240 : Used 1 time 0
 Sort Area is  p_0_out_15 : 0 0 : 1424 2240 : Used 1 time 0
 Sort Area is  p_0_out_15 : 0 1 : 816 2240 : Used 1 time 0
 Sort Area is  p_0_out_16 : 0 0 : 1424 2240 : Used 1 time 0
 Sort Area is  p_0_out_16 : 0 1 : 816 2240 : Used 1 time 0
 Sort Area is  p_0_out_17 : 0 0 : 1424 2240 : Used 1 time 0
 Sort Area is  p_0_out_17 : 0 1 : 816 2240 : Used 1 time 0
 Sort Area is  p_0_out_18 : 0 0 : 1424 2240 : Used 1 time 0
 Sort Area is  p_0_out_18 : 0 1 : 816 2240 : Used 1 time 0
 Sort Area is  p_0_out_19 : 0 0 : 1424 2240 : Used 1 time 0
 Sort Area is  p_0_out_19 : 0 1 : 816 2240 : Used 1 time 0
 Sort Area is  p_0_out_1a : 0 0 : 1424 2240 : Used 1 time 0
 Sort Area is  p_0_out_1a : 0 1 : 816 2240 : Used 1 time 0
 Sort Area is  p_0_out_1b : 0 0 : 1424 2240 : Used 1 time 0
 Sort Area is  p_0_out_1b : 0 1 : 816 2240 : Used 1 time 0
 Sort Area is  p_0_out_1c : 0 0 : 1424 2240 : Used 1 time 0
 Sort Area is  p_0_out_1c : 0 1 : 816 2240 : Used 1 time 0
 Sort Area is  p_0_out_1d : 0 0 : 1424 2240 : Used 1 time 0
 Sort Area is  p_0_out_1d : 0 1 : 816 2240 : Used 1 time 0
 Sort Area is  p_0_out_1e : 0 0 : 1424 2240 : Used 1 time 0
 Sort Area is  p_0_out_1e : 0 1 : 816 2240 : Used 1 time 0
 Sort Area is  p_0_out_1f : 0 0 : 1424 2240 : Used 1 time 0
 Sort Area is  p_0_out_1f : 0 1 : 816 2240 : Used 1 time 0
 Sort Area is  p_0_out_20 : 0 0 : 1424 2240 : Used 1 time 0
 Sort Area is  p_0_out_20 : 0 1 : 816 2240 : Used 1 time 0
 Sort Area is  p_0_out_23 : 0 0 : 1424 2240 : Used 1 time 0
 Sort Area is  p_0_out_23 : 0 1 : 816 2240 : Used 1 time 0
 Sort Area is  p_0_out_24 : 0 0 : 1424 2240 : Used 1 time 0
 Sort Area is  p_0_out_24 : 0 1 : 816 2240 : Used 1 time 0
 Sort Area is  p_0_out_25 : 0 0 : 1424 2240 : Used 1 time 0
 Sort Area is  p_0_out_25 : 0 1 : 816 2240 : Used 1 time 0
 Sort Area is  p_0_out_26 : 0 0 : 1424 2240 : Used 1 time 0
 Sort Area is  p_0_out_26 : 0 1 : 816 2240 : Used 1 time 0
 Sort Area is  p_0_out_27 : 0 0 : 1424 2240 : Used 1 time 0
 Sort Area is  p_0_out_27 : 0 1 : 816 2240 : Used 1 time 0
 Sort Area is  p_0_out_28 : 0 0 : 1424 2240 : Used 1 time 0
 Sort Area is  p_0_out_28 : 0 1 : 816 2240 : Used 1 time 0
 Sort Area is  p_0_out_29 : 0 0 : 1424 2240 : Used 1 time 0
 Sort Area is  p_0_out_29 : 0 1 : 816 2240 : Used 1 time 0
 Sort Area is  p_0_out_2a : 0 0 : 1424 2240 : Used 1 time 0
 Sort Area is  p_0_out_2a : 0 1 : 816 2240 : Used 1 time 0
 Sort Area is  p_0_out_2b : 0 0 : 1424 2240 : Used 1 time 0
 Sort Area is  p_0_out_2b : 0 1 : 816 2240 : Used 1 time 0
 Sort Area is  p_0_out_2c : 0 0 : 1424 2240 : Used 1 time 0
 Sort Area is  p_0_out_2c : 0 1 : 816 2240 : Used 1 time 0
 Sort Area is  p_0_out_2d : 0 0 : 1424 2240 : Used 1 time 0
 Sort Area is  p_0_out_2d : 0 1 : 816 2240 : Used 1 time 0
 Sort Area is  p_0_out_2e : 0 0 : 1424 2240 : Used 1 time 0
 Sort Area is  p_0_out_2e : 0 1 : 816 2240 : Used 1 time 0
 Sort Area is  p_0_out_2f : 0 0 : 1424 2240 : Used 1 time 0
 Sort Area is  p_0_out_2f : 0 1 : 816 2240 : Used 1 time 0
---------------------------------------------------------------------------------
Start ROM, RAM, DSP, Shift Register and Retiming Reporting
---------------------------------------------------------------------------------

DSP: Preliminary Mapping Report (see note below. The ' indicates corresponding REG is set)
+------------+----------------+--------+--------+--------+--------+--------+------+------+------+------+-------+------+------+
|Module Name | DSP Mapping    | A Size | B Size | C Size | D Size | P Size | AREG | BREG | CREG | DREG | ADREG | MREG | PREG | 
+------------+----------------+--------+--------+--------+--------+--------+------+------+------+------+-------+------+------+
|fir_15      | A*B            | 18     | 8      | -      | -      | 48     | 0    | 0    | -    | -    | -     | 0    | 0    | 
|fir_15      | (PCIN>>17)+A*B | 15     | 8      | -      | -      | 48     | 0    | 0    | -    | -    | -     | 0    | 1    | 
|fir_15      | A*B            | 18     | 8      | -      | -      | 48     | 0    | 0    | -    | -    | -     | 0    | 0    | 
|fir_15      | (PCIN>>17)+A*B | 15     | 8      | -      | -      | 48     | 0    | 0    | -    | -    | -     | 0    | 0    | 
|fir_15      | A*B            | 18     | 8      | -      | -      | 48     | 0    | 0    | -    | -    | -     | 0    | 0    | 
|fir_15      | (PCIN>>17)+A*B | 15     | 8      | -      | -      | 48     | 0    | 0    | -    | -    | -     | 0    | 0    | 
|fir_15      | A*B            | 18     | 8      | -      | -      | 48     | 0    | 0    | -    | -    | -     | 0    | 0    | 
|fir_15      | (PCIN>>17)+A*B | 15     | 8      | -      | -      | 48     | 0    | 0    | -    | -    | -     | 0    | 0    | 
|fir_15      | A*B            | 18     | 8      | -      | -      | 48     | 0    | 0    | -    | -    | -     | 0    | 0    | 
|fir_15      | (PCIN>>17)+A*B | 15     | 8      | -      | -      | 48     | 0    | 0    | -    | -    | -     | 0    | 0    | 
|fir_15      | A*B            | 18     | 8      | -      | -      | 48     | 0    | 0    | -    | -    | -     | 0    | 0    | 
|fir_15      | (PCIN>>17)+A*B | 15     | 8      | -      | -      | 48     | 0    | 0    | -    | -    | -     | 0    | 0    | 
|fir_15      | A*B            | 18     | 8      | -      | -      | 48     | 0    | 0    | -    | -    | -     | 0    | 0    | 
|fir_15      | (PCIN>>17)+A*B | 15     | 8      | -      | -      | 48     | 0    | 0    | -    | -    | -     | 0    | 0    | 
|fir_15      | A*B            | 18     | 8      | -      | -      | 48     | 0    | 0    | -    | -    | -     | 0    | 0    | 
|fir_15      | (PCIN>>17)+A*B | 15     | 8      | -      | -      | 48     | 0    | 0    | -    | -    | -     | 0    | 0    | 
|fir_15      | A*B            | 18     | 8      | -      | -      | 48     | 0    | 0    | -    | -    | -     | 0    | 0    | 
|fir_15      | (PCIN>>17)+A*B | 15     | 8      | -      | -      | 48     | 0    | 0    | -    | -    | -     | 0    | 0    | 
|fir_15      | A*B            | 18     | 8      | -      | -      | 48     | 0    | 0    | -    | -    | -     | 0    | 0    | 
|fir_15      | (PCIN>>17)+A*B | 15     | 8      | -      | -      | 48     | 0    | 0    | -    | -    | -     | 0    | 0    | 
|fir_15      | A*B            | 18     | 8      | -      | -      | 48     | 0    | 0    | -    | -    | -     | 0    | 0    | 
|fir_15      | (PCIN>>17)+A*B | 15     | 8      | -      | -      | 48     | 0    | 0    | -    | -    | -     | 0    | 0    | 
|fir_15      | A*B            | 18     | 8      | -      | -      | 48     | 0    | 0    | -    | -    | -     | 0    | 0    | 
|fir_15      | (PCIN>>17)+A*B | 15     | 8      | -      | -      | 48     | 0    | 0    | -    | -    | -     | 0    | 0    | 
|fir_15      | A*B            | 18     | 8      | -      | -      | 48     | 0    | 0    | -    | -    | -     | 0    | 0    | 
|fir_15      | (PCIN>>17)+A*B | 15     | 8      | -      | -      | 48     | 0    | 0    | -    | -    | -     | 0    | 0    | 
|fir_15      | A*B            | 18     | 8      | -      | -      | 48     | 0    | 0    | -    | -    | -     | 0    | 0    | 
|fir_15      | (PCIN>>17)+A*B | 15     | 8      | -      | -      | 48     | 0    | 0    | -    | -    | -     | 0    | 0    | 
|fir_15      | A*B            | 18     | 8      | -      | -      | 48     | 0    | 0    | -    | -    | -     | 0    | 0    | 
|fir_15      | (PCIN>>17)+A*B | 15     | 8      | -      | -      | 48     | 0    | 0    | -    | -    | -     | 0    | 0    | 
|fir_15      | A*B            | 18     | 8      | -      | -      | 48     | 0    | 0    | -    | -    | -     | 0    | 0    | 
|fir_15      | (PCIN>>17)+A*B | 15     | 8      | -      | -      | 48     | 0    | 0    | -    | -    | -     | 0    | 1    | 
|fir_15      | A*B            | 18     | 8      | -      | -      | 48     | 0    | 0    | -    | -    | -     | 0    | 0    | 
|fir_15      | (PCIN>>17)+A*B | 15     | 8      | -      | -      | 15     | 0    | 0    | -    | -    | -     | 0    | 0    | 
|fir_15      | A*B            | 18     | 8      | -      | -      | 48     | 0    | 0    | -    | -    | -     | 0    | 0    | 
|fir_15      | (PCIN>>17)+A*B | 15     | 8      | -      | -      | 15     | 0    | 0    | -    | -    | -     | 0    | 0    | 
|fir_15      | A*B            | 18     | 8      | -      | -      | 48     | 0    | 0    | -    | -    | -     | 0    | 0    | 
|fir_15      | (PCIN>>17)+A*B | 15     | 8      | -      | -      | 15     | 0    | 0    | -    | -    | -     | 0    | 0    | 
|fir_15      | A*B            | 18     | 8      | -      | -      | 48     | 0    | 0    | -    | -    | -     | 0    | 0    | 
|fir_15      | (PCIN>>17)+A*B | 15     | 8      | -      | -      | 15     | 0    | 0    | -    | -    | -     | 0    | 0    | 
|fir_15      | A*B            | 18     | 8      | -      | -      | 48     | 0    | 0    | -    | -    | -     | 0    | 0    | 
|fir_15      | (PCIN>>17)+A*B | 15     | 8      | -      | -      | 15     | 0    | 0    | -    | -    | -     | 0    | 0    | 
|fir_15      | A*B            | 18     | 8      | -      | -      | 48     | 0    | 0    | -    | -    | -     | 0    | 0    | 
|fir_15      | (PCIN>>17)+A*B | 15     | 8      | -      | -      | 15     | 0    | 0    | -    | -    | -     | 0    | 0    | 
|fir_15      | A*B            | 18     | 8      | -      | -      | 48     | 0    | 0    | -    | -    | -     | 0    | 0    | 
|fir_15      | (PCIN>>17)+A*B | 15     | 8      | -      | -      | 15     | 0    | 0    | -    | -    | -     | 0    | 0    | 
|fir_15      | A*B            | 18     | 8      | -      | -      | 48     | 0    | 0    | -    | -    | -     | 0    | 0    | 
|fir_15      | (PCIN>>17)+A*B | 15     | 8      | -      | -      | 15     | 0    | 0    | -    | -    | -     | 0    | 0    | 
|fir_15      | A*B            | 18     | 8      | -      | -      | 48     | 0    | 0    | -    | -    | -     | 0    | 0    | 
|fir_15      | (PCIN>>17)+A*B | 15     | 8      | -      | -      | 15     | 0    | 0    | -    | -    | -     | 0    | 0    | 
|fir_15      | A*B            | 18     | 8      | -      | -      | 48     | 0    | 0    | -    | -    | -     | 0    | 0    | 
|fir_15      | (PCIN>>17)+A*B | 15     | 8      | -      | -      | 15     | 0    | 0    | -    | -    | -     | 0    | 0    | 
|fir_15      | A*B            | 18     | 8      | -      | -      | 48     | 0    | 0    | -    | -    | -     | 0    | 0    | 
|fir_15      | (PCIN>>17)+A*B | 15     | 8      | -      | -      | 15     | 0    | 0    | -    | -    | -     | 0    | 0    | 
|fir_15      | A*B            | 18     | 8      | -      | -      | 48     | 0    | 0    | -    | -    | -     | 0    | 0    | 
|fir_15      | (PCIN>>17)+A*B | 15     | 8      | -      | -      | 15     | 0    | 0    | -    | -    | -     | 0    | 0    | 
|fir_15      | A*B            | 18     | 8      | -      | -      | 48     | 0    | 0    | -    | -    | -     | 0    | 0    | 
|fir_15      | (PCIN>>17)+A*B | 15     | 8      | -      | -      | 15     | 0    | 0    | -    | -    | -     | 0    | 0    | 
|fir_15      | A*B            | 18     | 8      | -      | -      | 48     | 0    | 0    | -    | -    | -     | 0    | 0    | 
|fir_15      | (PCIN>>17)+A*B | 15     | 8      | -      | -      | 15     | 0    | 0    | -    | -    | -     | 0    | 0    | 
|fir_15      | A*B            | 18     | 8      | -      | -      | 48     | 0    | 0    | -    | -    | -     | 0    | 0    | 
|fir_15      | (PCIN>>17)+A*B | 15     | 8      | -      | -      | 48     | 0    | 0    | -    | -    | -     | 0    | 1    | 
|fir_15      | A*B            | 18     | 8      | -      | -      | 48     | 0    | 0    | -    | -    | -     | 0    | 0    | 
|fir_15      | (PCIN>>17)+A*B | 15     | 8      | -      | -      | 15     | 0    | 0    | -    | -    | -     | 0    | 0    | 
|fir_15      | A*B            | 18     | 8      | -      | -      | 48     | 0    | 0    | -    | -    | -     | 0    | 0    | 
|fir_15      | (PCIN>>17)+A*B | 15     | 8      | -      | -      | 15     | 0    | 0    | -    | -    | -     | 0    | 0    | 
|fir_15      | A*B            | 18     | 8      | -      | -      | 48     | 0    | 0    | -    | -    | -     | 0    | 0    | 
|fir_15      | (PCIN>>17)+A*B | 15     | 8      | -      | -      | 15     | 0    | 0    | -    | -    | -     | 0    | 0    | 
|fir_15      | A*B            | 18     | 8      | -      | -      | 48     | 0    | 0    | -    | -    | -     | 0    | 0    | 
|fir_15      | (PCIN>>17)+A*B | 15     | 8      | -      | -      | 15     | 0    | 0    | -    | -    | -     | 0    | 0    | 
|fir_15      | A*B            | 18     | 8      | -      | -      | 48     | 0    | 0    | -    | -    | -     | 0    | 0    | 
|fir_15      | (PCIN>>17)+A*B | 15     | 8      | -      | -      | 15     | 0    | 0    | -    | -    | -     | 0    | 0    | 
|fir_15      | A*B            | 18     | 8      | -      | -      | 48     | 0    | 0    | -    | -    | -     | 0    | 0    | 
|fir_15      | (PCIN>>17)+A*B | 15     | 8      | -      | -      | 15     | 0    | 0    | -    | -    | -     | 0    | 0    | 
|fir_15      | A*B            | 18     | 8      | -      | -      | 48     | 0    | 0    | -    | -    | -     | 0    | 0    | 
|fir_15      | (PCIN>>17)+A*B | 15     | 8      | -      | -      | 15     | 0    | 0    | -    | -    | -     | 0    | 0    | 
|fir_15      | A*B            | 18     | 8      | -      | -      | 48     | 0    | 0    | -    | -    | -     | 0    | 0    | 
|fir_15      | (PCIN>>17)+A*B | 15     | 8      | -      | -      | 15     | 0    | 0    | -    | -    | -     | 0    | 0    | 
|fir_15      | A*B            | 18     | 8      | -      | -      | 48     | 0    | 0    | -    | -    | -     | 0    | 0    | 
|fir_15      | (PCIN>>17)+A*B | 15     | 8      | -      | -      | 15     | 0    | 0    | -    | -    | -     | 0    | 0    | 
|fir_15      | A*B            | 18     | 8      | -      | -      | 48     | 0    | 0    | -    | -    | -     | 0    | 0    | 
|fir_15      | (PCIN>>17)+A*B | 15     | 8      | -      | -      | 15     | 0    | 0    | -    | -    | -     | 0    | 0    | 
|fir_15      | A*B            | 18     | 8      | -      | -      | 48     | 0    | 0    | -    | -    | -     | 0    | 0    | 
|fir_15      | (PCIN>>17)+A*B | 15     | 8      | -      | -      | 15     | 0    | 0    | -    | -    | -     | 0    | 0    | 
|fir_15      | A*B            | 18     | 8      | -      | -      | 48     | 0    | 0    | -    | -    | -     | 0    | 0    | 
|fir_15      | (PCIN>>17)+A*B | 15     | 8      | -      | -      | 15     | 0    | 0    | -    | -    | -     | 0    | 0    | 
|fir_15      | A*B            | 18     | 8      | -      | -      | 48     | 0    | 0    | -    | -    | -     | 0    | 0    | 
|fir_15      | (PCIN>>17)+A*B | 15     | 8      | -      | -      | 15     | 0    | 0    | -    | -    | -     | 0    | 0    | 
|fir_15      | A*B            | 18     | 8      | -      | -      | 48     | 0    | 0    | -    | -    | -     | 0    | 0    | 
|fir_15      | (PCIN>>17)+A*B | 15     | 8      | -      | -      | 15     | 0    | 0    | -    | -    | -     | 0    | 0    | 
+------------+----------------+--------+--------+--------+--------+--------+------+------+------+------+-------+------+------+

Note: The table above is a preliminary report that shows the DSPs inferred at the current stage of the synthesis flow. Some DSP may be reimplemented as non DSP primitives later in the synthesis flow. Multiple instantiated DSPs are reported only once.
---------------------------------------------------------------------------------
Finished ROM, RAM, DSP, Shift Register and Retiming Reporting
---------------------------------------------------------------------------------
---------------------------------------------------------------------------------
Start Applying XDC Timing Constraints
---------------------------------------------------------------------------------
---------------------------------------------------------------------------------
Finished Applying XDC Timing Constraints : Time (s): cpu = 00:00:16 ; elapsed = 00:00:17 . Memory (MB): peak = 2491.336 ; gain = 754.320 ; free physical = 7546 ; free virtual = 21694
---------------------------------------------------------------------------------
---------------------------------------------------------------------------------
Start Timing Optimization
---------------------------------------------------------------------------------
---------------------------------------------------------------------------------
Finished Timing Optimization : Time (s): cpu = 00:00:16 ; elapsed = 00:00:17 . Memory (MB): peak = 2495.336 ; gain = 758.320 ; free physical = 7548 ; free virtual = 21695
---------------------------------------------------------------------------------
---------------------------------------------------------------------------------
Start Technology Mapping
---------------------------------------------------------------------------------
---------------------------------------------------------------------------------
Finished Technology Mapping : Time (s): cpu = 00:00:17 ; elapsed = 00:00:17 . Memory (MB): peak = 2514.367 ; gain = 777.352 ; free physical = 7532 ; free virtual = 21679
---------------------------------------------------------------------------------
---------------------------------------------------------------------------------
Start IO Insertion
---------------------------------------------------------------------------------
---------------------------------------------------------------------------------
Start Flattening Before IO Insertion
---------------------------------------------------------------------------------
---------------------------------------------------------------------------------
Finished Flattening Before IO Insertion
---------------------------------------------------------------------------------
---------------------------------------------------------------------------------
Start Final Netlist Cleanup
---------------------------------------------------------------------------------
---------------------------------------------------------------------------------
Finished Final Netlist Cleanup
---------------------------------------------------------------------------------
---------------------------------------------------------------------------------
Finished IO Insertion : Time (s): cpu = 00:00:19 ; elapsed = 00:00:20 . Memory (MB): peak = 2680.180 ; gain = 943.164 ; free physical = 7416 ; free virtual = 21564
---------------------------------------------------------------------------------
---------------------------------------------------------------------------------
Start Renaming Generated Instances
---------------------------------------------------------------------------------
---------------------------------------------------------------------------------
Finished Renaming Generated Instances : Time (s): cpu = 00:00:19 ; elapsed = 00:00:20 . Memory (MB): peak = 2680.180 ; gain = 943.164 ; free physical = 7416 ; free virtual = 21564
---------------------------------------------------------------------------------
---------------------------------------------------------------------------------
Start Rebuilding User Hierarchy
---------------------------------------------------------------------------------
---------------------------------------------------------------------------------
Finished Rebuilding User Hierarchy : Time (s): cpu = 00:00:19 ; elapsed = 00:00:20 . Memory (MB): peak = 2680.180 ; gain = 943.164 ; free physical = 7416 ; free virtual = 21564
---------------------------------------------------------------------------------
---------------------------------------------------------------------------------
Start Renaming Generated Ports
---------------------------------------------------------------------------------
---------------------------------------------------------------------------------
Finished Renaming Generated Ports : Time (s): cpu = 00:00:19 ; elapsed = 00:00:20 . Memory (MB): peak = 2680.180 ; gain = 943.164 ; free physical = 7416 ; free virtual = 21564
---------------------------------------------------------------------------------
---------------------------------------------------------------------------------
Start Handling Custom Attributes
---------------------------------------------------------------------------------
---------------------------------------------------------------------------------
Finished Handling Custom Attributes : Time (s): cpu = 00:00:19 ; elapsed = 00:00:20 . Memory (MB): peak = 2680.180 ; gain = 943.164 ; free physical = 7416 ; free virtual = 21564
---------------------------------------------------------------------------------
---------------------------------------------------------------------------------
Start Renaming Generated Nets
---------------------------------------------------------------------------------
---------------------------------------------------------------------------------
Finished Renaming Generated Nets : Time (s): cpu = 00:00:20 ; elapsed = 00:00:20 . Memory (MB): peak = 2680.180 ; gain = 943.164 ; free physical = 7416 ; free virtual = 21564
---------------------------------------------------------------------------------
---------------------------------------------------------------------------------
Start ROM, RAM, DSP, Shift Register and Retiming Reporting
---------------------------------------------------------------------------------

Static Shift Register Report:
+-------------------------+----------------------------+--------+-------+--------------+--------------------+-------------------+--------+---------+
|Module Name              | RTL Name                   | Length | Width | Reset Signal | Pull out first Reg | Pull out last Reg | SRL16E | SRLC32E | 
+-------------------------+----------------------------+--------+-------+--------------+--------------------+-------------------+--------+---------+
|design_1_fir_wrapper_0_0 | inst/vde_pipe_reg[0]       | 3      | 1     | NO           | NO                 | YES               | 1      | 0       | 
|design_1_fir_wrapper_0_0 | inst/pixel_pipe_reg[0][23] | 3      | 24    | NO           | NO                 | YES               | 24     | 0       | 
+-------------------------+----------------------------+--------+-------+--------------+--------------------+-------------------+--------+---------+

---------------------------------------------------------------------------------
Finished ROM, RAM, DSP, Shift Register and Retiming Reporting
---------------------------------------------------------------------------------
---------------------------------------------------------------------------------
Start Writing Synthesis Report
---------------------------------------------------------------------------------

DSP Final Report (the ' indicates corresponding REG is set)
+------------+-----------------+--------+--------+--------+--------+--------+------+------+------+------+-------+------+------+
|Module Name | DSP Mapping     | A Size | B Size | C Size | D Size | P Size | AREG | BREG | CREG | DREG | ADREG | MREG | PREG | 
+------------+-----------------+--------+--------+--------+--------+--------+------+------+------+------+-------+------+------+
|fir_15      | A*B             | 17     | 18     | -      | -      | 48     | 0    | 0    | -    | -    | -     | 0    | 0    | 
|fir_15      | (PCIN>>17+A*B)' | 30     | 18     | -      | -      | 48     | 0    | 0    | -    | -    | -     | 0    | 1    | 
|fir_15      | A*B             | 17     | 18     | -      | -      | 48     | 0    | 0    | -    | -    | -     | 0    | 0    | 
|fir_15      | PCIN>>17+A*B    | 30     | 18     | -      | -      | 15     | 0    | 0    | -    | -    | -     | 0    | 0    | 
|fir_15      | A*B             | 17     | 18     | -      | -      | 48     | 0    | 0    | -    | -    | -     | 0    | 0    | 
|fir_15      | PCIN>>17+A*B    | 30     | 18     | -      | -      | 15     | 0    | 0    | -    | -    | -     | 0    | 0    | 
|fir_15      | A*B             | 17     | 18     | -      | -      | 48     | 0    | 0    | -    | -    | -     | 0    | 0    | 
|fir_15      | PCIN>>17+A*B    | 30     | 18     | -      | -      | 15     | 0    | 0    | -    | -    | -     | 0    | 0    | 
|fir_15      | A*B             | 17     | 18     | -      | -      | 48     | 0    | 0    | -    | -    | -     | 0    | 0    | 
|fir_15      | PCIN>>17+A*B    | 30     | 18     | -      | -      | 15     | 0    | 0    | -    | -    | -     | 0    | 0    | 
|fir_15      | A*B             | 17     | 18     | -      | -      | 48     | 0    | 0    | -    | -    | -     | 0    | 0    | 
|fir_15      | PCIN>>17+A*B    | 30     | 18     | -      | -      | 15     | 0    | 0    | -    | -    | -     | 0    | 0    | 
|fir_15      | A*B             | 17     | 18     | -      | -      | 48     | 0    | 0    | -    | -    | -     | 0    | 0    | 
|fir_15      | PCIN>>17+A*B    | 30     | 18     | -      | -      | 15     | 0    | 0    | -    | -    | -     | 0    | 0    | 
|fir_15      | A*B             | 17     | 18     | -      | -      | 48     | 0    | 0    | -    | -    | -     | 0    | 0    | 
|fir_15      | PCIN>>17+A*B    | 30     | 18     | -      | -      | 15     | 0    | 0    | -    | -    | -     | 0    | 0    | 
|fir_15      | A*B             | 17     | 18     | -      | -      | 48     | 0    | 0    | -    | -    | -     | 0    | 0    | 
|fir_15      | PCIN>>17+A*B    | 30     | 18     | -      | -      | 15     | 0    | 0    | -    | -    | -     | 0    | 0    | 
|fir_15      | A*B             | 17     | 18     | -      | -      | 48     | 0    | 0    | -    | -    | -     | 0    | 0    | 
|fir_15      | PCIN>>17+A*B    | 30     | 18     | -      | -      | 15     | 0    | 0    | -    | -    | -     | 0    | 0    | 
|fir_15      | A*B             | 17     | 18     | -      | -      | 48     | 0    | 0    | -    | -    | -     | 0    | 0    | 
|fir_15      | PCIN>>17+A*B    | 30     | 18     | -      | -      | 15     | 0    | 0    | -    | -    | -     | 0    | 0    | 
|fir_15      | A*B             | 17     | 18     | -      | -      | 48     | 0    | 0    | -    | -    | -     | 0    | 0    | 
|fir_15      | PCIN>>17+A*B    | 30     | 18     | -      | -      | 15     | 0    | 0    | -    | -    | -     | 0    | 0    | 
|fir_15      | A*B             | 17     | 18     | -      | -      | 48     | 0    | 0    | -    | -    | -     | 0    | 0    | 
|fir_15      | PCIN>>17+A*B    | 30     | 18     | -      | -      | 15     | 0    | 0    | -    | -    | -     | 0    | 0    | 
|fir_15      | A*B             | 17     | 18     | -      | -      | 48     | 0    | 0    | -    | -    | -     | 0    | 0    | 
|fir_15      | PCIN>>17+A*B    | 30     | 18     | -      | -      | 15     | 0    | 0    | -    | -    | -     | 0    | 0    | 
|fir_15      | A*B             | 17     | 18     | -      | -      | 48     | 0    | 0    | -    | -    | -     | 0    | 0    | 
|fir_15      | PCIN>>17+A*B    | 30     | 18     | -      | -      | 15     | 0    | 0    | -    | -    | -     | 0    | 0    | 
|fir_15      | A*B             | 17     | 18     | -      | -      | 48     | 0    | 0    | -    | -    | -     | 0    | 0    | 
|fir_15      | (PCIN>>17+A*B)' | 30     | 18     | -      | -      | 48     | 0    | 0    | -    | -    | -     | 0    | 1    | 
|fir_15      | A*B             | 17     | 18     | -      | -      | 48     | 0    | 0    | -    | -    | -     | 0    | 0    | 
|fir_15      | PCIN>>17+A*B    | 30     | 18     | -      | -      | 15     | 0    | 0    | -    | -    | -     | 0    | 0    | 
|fir_15      | A*B             | 17     | 18     | -      | -      | 48     | 0    | 0    | -    | -    | -     | 0    | 0    | 
|fir_15      | PCIN>>17+A*B    | 30     | 18     | -      | -      | 15     | 0    | 0    | -    | -    | -     | 0    | 0    | 
|fir_15      | A*B             | 17     | 18     | -      | -      | 48     | 0    | 0    | -    | -    | -     | 0    | 0    | 
|fir_15      | PCIN>>17+A*B    | 30     | 18     | -      | -      | 15     | 0    | 0    | -    | -    | -     | 0    | 0    | 
|fir_15      | A*B             | 17     | 18     | -      | -      | 48     | 0    | 0    | -    | -    | -     | 0    | 0    | 
|fir_15      | PCIN>>17+A*B    | 30     | 18     | -      | -      | 15     | 0    | 0    | -    | -    | -     | 0    | 0    | 
|fir_15      | A*B             | 17     | 18     | -      | -      | 48     | 0    | 0    | -    | -    | -     | 0    | 0    | 
|fir_15      | PCIN>>17+A*B    | 30     | 18     | -      | -      | 15     | 0    | 0    | -    | -    | -     | 0    | 0    | 
|fir_15      | A*B             | 17     | 18     | -      | -      | 48     | 0    | 0    | -    | -    | -     | 0    | 0    | 
|fir_15      | PCIN>>17+A*B    | 30     | 18     | -      | -      | 15     | 0    | 0    | -    | -    | -     | 0    | 0    | 
|fir_15      | A*B             | 17     | 18     | -      | -      | 48     | 0    | 0    | -    | -    | -     | 0    | 0    | 
|fir_15      | PCIN>>17+A*B    | 30     | 18     | -      | -      | 15     | 0    | 0    | -    | -    | -     | 0    | 0    | 
|fir_15      | A*B             | 17     | 18     | -      | -      | 48     | 0    | 0    | -    | -    | -     | 0    | 0    | 
|fir_15      | PCIN>>17+A*B    | 30     | 18     | -      | -      | 15     | 0    | 0    | -    | -    | -     | 0    | 0    | 
|fir_15      | A*B             | 17     | 18     | -      | -      | 48     | 0    | 0    | -    | -    | -     | 0    | 0    | 
|fir_15      | PCIN>>17+A*B    | 30     | 18     | -      | -      | 15     | 0    | 0    | -    | -    | -     | 0    | 0    | 
|fir_15      | A*B             | 17     | 18     | -      | -      | 48     | 0    | 0    | -    | -    | -     | 0    | 0    | 
|fir_15      | PCIN>>17+A*B    | 30     | 18     | -      | -      | 15     | 0    | 0    | -    | -    | -     | 0    | 0    | 
|fir_15      | A*B             | 17     | 18     | -      | -      | 48     | 0    | 0    | -    | -    | -     | 0    | 0    | 
|fir_15      | PCIN>>17+A*B    | 30     | 18     | -      | -      | 15     | 0    | 0    | -    | -    | -     | 0    | 0    | 
|fir_15      | A*B             | 17     | 18     | -      | -      | 48     | 0    | 0    | -    | -    | -     | 0    | 0    | 
|fir_15      | PCIN>>17+A*B    | 30     | 18     | -      | -      | 15     | 0    | 0    | -    | -    | -     | 0    | 0    | 
|fir_15      | A*B             | 17     | 18     | -      | -      | 48     | 0    | 0    | -    | -    | -     | 0    | 0    | 
|fir_15      | PCIN>>17+A*B    | 30     | 18     | -      | -      | 15     | 0    | 0    | -    | -    | -     | 0    | 0    | 
|fir_15      | A*B             | 17     | 18     | -      | -      | 48     | 0    | 0    | -    | -    | -     | 0    | 0    | 
|fir_15      | PCIN>>17+A*B    | 30     | 18     | -      | -      | 15     | 0    | 0    | -    | -    | -     | 0    | 0    | 
|fir_15      | A*B             | 17     | 18     | -      | -      | 48     | 0    | 0    | -    | -    | -     | 0    | 0    | 
|fir_15      | (PCIN>>17+A*B)' | 30     | 18     | -      | -      | 48     | 0    | 0    | -    | -    | -     | 0    | 1    | 
|fir_15      | A*B             | 17     | 18     | -      | -      | 48     | 0    | 0    | -    | -    | -     | 0    | 0    | 
|fir_15      | PCIN>>17+A*B    | 30     | 18     | -      | -      | 15     | 0    | 0    | -    | -    | -     | 0    | 0    | 
|fir_15      | A*B             | 17     | 18     | -      | -      | 48     | 0    | 0    | -    | -    | -     | 0    | 0    | 
|fir_15      | PCIN>>17+A*B    | 30     | 18     | -      | -      | 15     | 0    | 0    | -    | -    | -     | 0    | 0    | 
|fir_15      | A*B             | 17     | 18     | -      | -      | 48     | 0    | 0    | -    | -    | -     | 0    | 0    | 
|fir_15      | PCIN>>17+A*B    | 30     | 18     | -      | -      | 15     | 0    | 0    | -    | -    | -     | 0    | 0    | 
|fir_15      | A*B             | 17     | 18     | -      | -      | 48     | 0    | 0    | -    | -    | -     | 0    | 0    | 
|fir_15      | PCIN>>17+A*B    | 30     | 18     | -      | -      | 15     | 0    | 0    | -    | -    | -     | 0    | 0    | 
|fir_15      | A*B             | 17     | 18     | -      | -      | 48     | 0    | 0    | -    | -    | -     | 0    | 0    | 
|fir_15      | PCIN>>17+A*B    | 30     | 18     | -      | -      | 15     | 0    | 0    | -    | -    | -     | 0    | 0    | 
|fir_15      | A*B             | 17     | 18     | -      | -      | 48     | 0    | 0    | -    | -    | -     | 0    | 0    | 
|fir_15      | PCIN>>17+A*B    | 30     | 18     | -      | -      | 15     | 0    | 0    | -    | -    | -     | 0    | 0    | 
|fir_15      | A*B             | 17     | 18     | -      | -      | 48     | 0    | 0    | -    | -    | -     | 0    | 0    | 
|fir_15      | PCIN>>17+A*B    | 30     | 18     | -      | -      | 15     | 0    | 0    | -    | -    | -     | 0    | 0    | 
|fir_15      | A*B             | 17     | 18     | -      | -      | 48     | 0    | 0    | -    | -    | -     | 0    | 0    | 
|fir_15      | PCIN>>17+A*B    | 30     | 18     | -      | -      | 15     | 0    | 0    | -    | -    | -     | 0    | 0    | 
|fir_15      | A*B             | 17     | 18     | -      | -      | 48     | 0    | 0    | -    | -    | -     | 0    | 0    | 
|fir_15      | PCIN>>17+A*B    | 30     | 18     | -      | -      | 15     | 0    | 0    | -    | -    | -     | 0    | 0    | 
|fir_15      | A*B             | 17     | 18     | -      | -      | 48     | 0    | 0    | -    | -    | -     | 0    | 0    | 
|fir_15      | PCIN>>17+A*B    | 30     | 18     | -      | -      | 15     | 0    | 0    | -    | -    | -     | 0    | 0    | 
|fir_15      | A*B             | 17     | 18     | -      | -      | 48     | 0    | 0    | -    | -    | -     | 0    | 0    | 
|fir_15      | PCIN>>17+A*B    | 30     | 18     | -      | -      | 15     | 0    | 0    | -    | -    | -     | 0    | 0    | 
|fir_15      | A*B             | 17     | 18     | -      | -      | 48     | 0    | 0    | -    | -    | -     | 0    | 0    | 
|fir_15      | PCIN>>17+A*B    | 30     | 18     | -      | -      | 15     | 0    | 0    | -    | -    | -     | 0    | 0    | 
|fir_15      | A*B             | 17     | 18     | -      | -      | 48     | 0    | 0    | -    | -    | -     | 0    | 0    | 
|fir_15      | PCIN>>17+A*B    | 30     | 18     | -      | -      | 15     | 0    | 0    | -    | -    | -     | 0    | 0    | 
|fir_15      | A*B             | 17     | 18     | -      | -      | 48     | 0    | 0    | -    | -    | -     | 0    | 0    | 
|fir_15      | PCIN>>17+A*B    | 30     | 18     | -      | -      | 15     | 0    | 0    | -    | -    | -     | 0    | 0    | 
+------------+-----------------+--------+--------+--------+--------+--------+------+------+------+------+-------+------+------+


Report BlackBoxes: 
+-+--------------+----------+
| |BlackBox name |Instances |
+-+--------------+----------+
+-+--------------+----------+

Report Cell Usage: 
+------+--------+------+
|      |Cell    |Count |
+------+--------+------+
|1     |CARRY4  |   369|
|2     |DSP48E1 |    90|
|4     |LUT1    |     3|
|5     |LUT2    |  1752|
|6     |LUT3    |    31|
|7     |LUT4    |    24|
|8     |LUT5    |   138|
|9     |LUT6    |   150|
|10    |SRL16E  |    25|
|11    |FDRE    |  1546|
+------+--------+------+
---------------------------------------------------------------------------------
Finished Writing Synthesis Report : Time (s): cpu = 00:00:20 ; elapsed = 00:00:20 . Memory (MB): peak = 2680.180 ; gain = 943.164 ; free physical = 7416 ; free virtual = 21564
---------------------------------------------------------------------------------
Synthesis finished with 0 errors, 0 critical warnings and 2 warnings.
Synthesis Optimization Runtime : Time (s): cpu = 00:00:18 ; elapsed = 00:00:19 . Memory (MB): peak = 2680.180 ; gain = 817.359 ; free physical = 7416 ; free virtual = 21563
Synthesis Optimization Complete : Time (s): cpu = 00:00:20 ; elapsed = 00:00:20 . Memory (MB): peak = 2680.188 ; gain = 943.164 ; free physical = 7416 ; free virtual = 21563
INFO: [Project 1-571] Translating synthesized netlist
Netlist sorting complete. Time (s): cpu = 00:00:00.03 ; elapsed = 00:00:00.03 . Memory (MB): peak = 2680.188 ; gain = 0.000 ; free physical = 7511 ; free virtual = 21659
INFO: [Netlist 29-17] Analyzing 459 Unisim elements for replacement
INFO: [Netlist 29-28] Unisim Transformation completed in 0 CPU seconds
INFO: [Project 1-570] Preparing netlist for logic optimization
INFO: [Opt 31-138] Pushed 0 inverter(s) to 0 load pin(s).
Netlist sorting complete. Time (s): cpu = 00:00:00 ; elapsed = 00:00:00 . Memory (MB): peak = 2736.207 ; gain = 0.000 ; free physical = 7516 ; free virtual = 21664
INFO: [Project 1-111] Unisim Transformation Summary:
No Unisim elements were transformed.

Synth Design complete | Checksum: b1a95601
INFO: [Common 17-83] Releasing license: Synthesis
118 Infos, 5 Warnings, 0 Critical Warnings and 0 Errors encountered.
synth_design completed successfully
synth_design: Time (s): cpu = 00:00:27 ; elapsed = 00:00:26 . Memory (MB): peak = 2736.242 ; gain = 1192.805 ; free physical = 7515 ; free virtual = 21663
INFO: [Common 17-2834] synth_design peak Physical Memory [PSS] (MB): overall = 1989.502; main = 1773.811; forked = 247.608
INFO: [Common 17-2834] synth_design peak Virtual Memory [VSS] (MB): overall = 3644.051; main = 2736.211; forked = 963.867
INFO: [Coretcl 2-1174] Renamed 4 cell refs.
Write ShapeDB Complete: Time (s): cpu = 00:00:00.01 ; elapsed = 00:00:00.01 . Memory (MB): peak = 2760.219 ; gain = 0.000 ; free physical = 7515 ; free virtual = 21664
INFO: [Common 17-1381] The checkpoint '/home/yhawaz/lab3/lab3.runs/design_1_fir_wrapper_0_0_synth_1/design_1_fir_wrapper_0_0.dcp' has been generated.
INFO: [Vivado 12-24828] Executing command : report_utilization -file design_1_fir_wrapper_0_0_utilization_synth.rpt -pb design_1_fir_wrapper_0_0_utilization_synth.pb
INFO: [Common 17-206] Exiting Vivado at Thu Sep 25 19:47:02 2025...
